INFO: [HLS 200-10] Running 'C:/Xilinx/Vivado/2019.1/bin/unwrapped/win64.o/vivado_hls.exe'
INFO: [HLS 200-10] For user 'doria' on host 'zhidongren' (Windows NT_amd64 version 6.2) on Tue Dec 31 22:28:31 +0100 2019
INFO: [HLS 200-10] In directory 'C:/Users/doria/Desktop/HSCe_Project'
WARNING: [HLS 200-40] Environment variable 'C_INCLUDE_PATH' is set to C:\minGW\mingw64\include.
Sourcing Tcl script 'C:/Users/doria/Desktop/HSCe_Project/project_process/array_parttition/csim.tcl'
INFO: [HLS 200-10] Opening project 'C:/Users/doria/Desktop/HSCe_Project/project_process'.
INFO: [HLS 200-10] Opening solution 'C:/Users/doria/Desktop/HSCe_Project/project_process/array_parttition'.
INFO: [SYN 201-201] Setting up clock 'default' with a period of 10ns.
INFO: [HLS 200-10] Setting target device to 'xc7z007s-clg225-1'
INFO: [SIM 211-2] *************** CSIM start ***************
INFO: [SIM 211-4] CSIM will launch GCC as the compiler.
   Compiling ../../../../tb_fir_fixed.cpp in debug mode
   Compiling ../../../../fir_fixed.cpp in debug mode
   Compiling ../../../../fir_double.cpp in debug mode
   Generating csim.exe
In file included from C:/Xilinx/Vivado/2019.1/include/floating_point_v7_0_bitacc_cmodel.h:143:0,
                 from C:/Xilinx/Vivado/2019.1/include/hls_fpo.h:186,
                 from C:/Xilinx/Vivado/2019.1/include/hls_half.h:44,
                 from C:/Xilinx/Vivado/2019.1/include/etc/ap_private.h:90,
                 from C:/Xilinx/Vivado/2019.1/include/ap_common.h:641,
                 from C:/Xilinx/Vivado/2019.1/include/ap_fixed.h:54,
                 from ../../../../fir_filter.h:4,
                 from ../../../../tb_fir_fixed.cpp:4:
C:/Xilinx/Vivado/2019.1/include/gmp.h:62:0: warning: "__GMP_LIBGMP_DLL" redefined
 #define __GMP_LIBGMP_DLL  0
 
In file included from C:/Xilinx/Vivado/2019.1/include/hls_fpo.h:186:0,
                 from C:/Xilinx/Vivado/2019.1/include/hls_half.h:44,
                 from C:/Xilinx/Vivado/2019.1/include/etc/ap_private.h:90,
                 from C:/Xilinx/Vivado/2019.1/include/ap_common.h:641,
                 from C:/Xilinx/Vivado/2019.1/include/ap_fixed.h:54,
                 from ../../../../fir_filter.h:4,
                 from ../../../../tb_fir_fixed.cpp:4:
C:/Xilinx/Vivado/2019.1/include/floating_point_v7_0_bitacc_cmodel.h:135:0: note: this is the location of the previous definition
 #define __GMP_LIBGMP_DLL 1
 
In file included from C:/Xilinx/Vivado/2019.1/include/floating_point_v7_0_bitacc_cmodel.h:143:0,
                 from C:/Xilinx/Vivado/2019.1/include/hls_fpo.h:186,
                 from C:/Xilinx/Vivado/2019.1/include/hls_half.h:44,
                 from C:/Xilinx/Vivado/2019.1/include/etc/ap_private.h:90,
                 from C:/Xilinx/Vivado/2019.1/include/ap_common.h:641,
                 from C:/Xilinx/Vivado/2019.1/include/ap_fixed.h:54,
                 from ../../../../fir_filter.h:4,
                 from ../../../../fir_fixed.cpp:1:
C:/Xilinx/Vivado/2019.1/include/gmp.h:62:0: warning: "__GMP_LIBGMP_DLL" redefined
 #define __GMP_LIBGMP_DLL  0
 
In file included from C:/Xilinx/Vivado/2019.1/include/hls_fpo.h:186:0,
                 from C:/Xilinx/Vivado/2019.1/include/hls_half.h:44,
                 from C:/Xilinx/Vivado/2019.1/include/etc/ap_private.h:90,
                 from C:/Xilinx/Vivado/2019.1/include/ap_common.h:641,
                 from C:/Xilinx/Vivado/2019.1/include/ap_fixed.h:54,
                 from ../../../../fir_filter.h:4,
                 from ../../../../fir_fixed.cpp:1:
C:/Xilinx/Vivado/2019.1/include/floating_point_v7_0_bitacc_cmodel.h:135:0: note: this is the location of the previous definition
 #define __GMP_LIBGMP_DLL 1
 
In file included from C:/Xilinx/Vivado/2019.1/include/floating_point_v7_0_bitacc_cmodel.h:143:0,
                 from C:/Xilinx/Vivado/2019.1/include/hls_fpo.h:186,
                 from C:/Xilinx/Vivado/2019.1/include/hls_half.h:44,
                 from C:/Xilinx/Vivado/2019.1/include/etc/ap_private.h:90,
                 from C:/Xilinx/Vivado/2019.1/include/ap_common.h:641,
                 from C:/Xilinx/Vivado/2019.1/include/ap_fixed.h:54,
                 from ../../../../fir_filter.h:4,
                 from ../../../../fir_double.cpp:1:
C:/Xilinx/Vivado/2019.1/include/gmp.h:62:0: warning: "__GMP_LIBGMP_DLL" redefined
 #define __GMP_LIBGMP_DLL  0
 
In file included from C:/Xilinx/Vivado/2019.1/include/hls_fpo.h:186:0,
                 from C:/Xilinx/Vivado/2019.1/include/hls_half.h:44,
                 from C:/Xilinx/Vivado/2019.1/include/etc/ap_private.h:90,
                 from C:/Xilinx/Vivado/2019.1/include/ap_common.h:641,
                 from C:/Xilinx/Vivado/2019.1/include/ap_fixed.h:54,
                 from ../../../../fir_filter.h:4,
                 from ../../../../fir_double.cpp:1:
C:/Xilinx/Vivado/2019.1/include/floating_point_v7_0_bitacc_cmodel.h:135:0: note: this is the location of the previous definition
 #define __GMP_LIBGMP_DLL 1
 
signal = 88.8382 dB
noise = 0.00220914 dB
SQNR = 92.0875 dB
INFO: [SIM 211-1] CSim done with 0 errors.
INFO: [SIM 211-3] *************** CSIM finish ***************
