INFO-FLOW: Workspace C:/Users/doria/Desktop/HSCe_Project/project_process/max_array_unroll_pipeline opened at Tue Dec 31 20:02:47 +0100 2019
Execute     config_clock -quiet -name default -period 10 -default=false 
INFO: [SYN 201-201] Setting up clock 'default' with a period of 10ns.
Execute     open_platform DefaultPlatform 
Execute     import_lib C:/Xilinx/Vivado/2019.1/common/technology/xilinx/zynq/zynq 
Execute       source C:/Xilinx/Vivado/2019.1/common/technology/xilinx/common/xilinx.lib 
Execute         source C:/Xilinx/Vivado/2019.1/common/technology/xilinx/interface/xilinx_interface.lib 
Execute           source C:/Xilinx/Vivado/2019.1/common/technology/xilinx/interface/plb46.lib 
Execute           source C:/Xilinx/Vivado/2019.1/common/technology/xilinx/interface/fsl.lib 
Execute           source C:/Xilinx/Vivado/2019.1/common/technology/xilinx/interface/axi4.lib 
Execute           source C:/Xilinx/Vivado/2019.1/common/technology/xilinx/interface/maxi.lib 
Execute           source C:/Xilinx/Vivado/2019.1/common/technology/xilinx/interface/saxilite.lib 
Execute         source C:/Xilinx/Vivado/2019.1/common/technology/xilinx/common/dsp48.lib 
Execute         source C:/Xilinx/Vivado/2019.1/common/technology/xilinx/ip/dds_compiler.lib 
Execute         source C:/Xilinx/Vivado/2019.1/common/technology/xilinx/ip/xfft.lib 
Execute         source C:/Xilinx/Vivado/2019.1/common/technology/xilinx/ip/xfir.lib 
Execute       source C:/Xilinx/Vivado/2019.1/common/technology/xilinx/common/xilinx.hlp 
Execute         source C:/Xilinx/Vivado/2019.1/common/technology/xilinx/common/target_info.tcl 
Execute         source C:/Xilinx/Vivado/2019.1/common/technology/xilinx/interface/xilinx_interface.hlp 
Execute           source C:/Xilinx/Vivado/2019.1/common/technology/xilinx/interface/maxi.hlp 
Execute           source C:/Xilinx/Vivado/2019.1/common/technology/xilinx/interface/saxilite.hlp 
Execute         source C:/Xilinx/Vivado/2019.1/common/technology/xilinx/common/dsp48.hlp 
Execute       source C:/Xilinx/Vivado/2019.1/common/technology/xilinx/zynq/dsp48e1.hlp 
Execute       source C:/Xilinx/Vivado/2019.1/common/technology/xilinx/common/xilinx.hlp 
Execute         source C:/Xilinx/Vivado/2019.1/common/technology/xilinx/common/target_info.tcl 
Execute         source C:/Xilinx/Vivado/2019.1/common/technology/xilinx/interface/xilinx_interface.hlp 
Execute           source C:/Xilinx/Vivado/2019.1/common/technology/xilinx/interface/maxi.hlp 
Execute           source C:/Xilinx/Vivado/2019.1/common/technology/xilinx/interface/saxilite.hlp 
Execute         source C:/Xilinx/Vivado/2019.1/common/technology/xilinx/common/dsp48.hlp 
Command     import_lib done; 0.2 sec.
Execute     source C:/Xilinx/Vivado/2019.1/common/technology/xilinx/zynq/zynq.gen 
Execute       source C:/Xilinx/Vivado/2019.1/common/technology/xilinx/common/xilinx.gen 
Execute         source C:/Xilinx/Vivado/2019.1/common/technology/xilinx/interface/plb46.gen 
Execute         source C:/Xilinx/Vivado/2019.1/common/technology/xilinx/interface/fsl.gen 
Execute         source C:/Xilinx/Vivado/2019.1/common/technology/xilinx/interface/axi4.gen 
Execute         source C:/Xilinx/Vivado/2019.1/common/technology/xilinx/interface/nativeAXI4.gen 
Execute           source C:/Xilinx/Vivado/2019.1/common/technology/xilinx/interface/saxilite.gen 
Execute           source C:/Xilinx/Vivado/2019.1/common/technology/xilinx/interface/maxi.gen 
Execute         source C:/Xilinx/Vivado/2019.1/common/technology/xilinx/scripts/xilinxcoregen.gen 
Execute         source C:/Xilinx/Vivado/2019.1/common/technology/xilinx/interface/XilEDKCoreGen.gen 
Execute         source C:/Xilinx/Vivado/2019.1/common/technology/xilinx/ip/dds_compiler.gen 
Execute         source C:/Xilinx/Vivado/2019.1/common/technology/xilinx/ip/util.gen 
Execute         source C:/Xilinx/Vivado/2019.1/common/technology/xilinx/ip/xfft.gen 
Command         ap_source done; 0.193 sec.
Execute         source C:/Xilinx/Vivado/2019.1/common/technology/xilinx/ip/xfir.gen 
Execute         source C:/Xilinx/Vivado/2019.1/common/technology/xilinx/common/dsp48.gen 
Command       ap_source done; 0.407 sec.
Command     ap_source done; 0.409 sec.
Execute     set_part xc7z007s-clg225-1 
Execute       ap_part_info -name xc7z007s-clg225-1 -data single -quiet 
Command       ap_part_info done; 1.623 sec.
Execute       ap_part_info -name xc7z007s-clg225-1 -data info 
Execute       add_library xilinx/zynq/zynq:xc7z007s:-clg225:-1 
Execute         get_default_platform 
Execute         license_isbetapart xc7z007s 
Command         license_isbetapart done; error code: 1; 
Execute         ap_part_info -data single -name xc7z007s-clg225-1 
Execute         ap_part_info -name xc7z007s-clg225-1 -data resources 
Execute         ap_part_info -name xc7z007s-clg225-1 -data info 
Execute         ap_part_info -name xc7z007s-clg225-1 -data info 
Execute         config_chip_info -quiet -resource {SLICE 4400} {LUT 14400} {FF 28800} {DSP48E 66} {BRAM 100} {URAM 0} 
Execute         ap_part_info -name xc7z007s-clg225-1 -data info 
Execute         config_chip_info -quiet -speed slow 
Execute       add_library xilinx/zynq/zynq_fpv6 
Execute         get_default_platform 
Execute         open_platform DefaultPlatform 
Execute         import_lib C:/Xilinx/Vivado/2019.1/common/technology/xilinx/zynq/zynq_fpv6 
Execute           source C:/Xilinx/Vivado/2019.1/common/technology/xilinx/common/xilinx_fp.lib 
Execute           source C:/Xilinx/Vivado/2019.1/common/technology/xilinx/common/xilinx_fp.hlp 
Execute             source C:/Xilinx/Vivado/2019.1/common/technology/xilinx/common/xilinx.hlp 
Execute               source C:/Xilinx/Vivado/2019.1/common/technology/xilinx/common/target_info.tcl 
Execute               source C:/Xilinx/Vivado/2019.1/common/technology/xilinx/interface/xilinx_interface.hlp 
Execute                 source C:/Xilinx/Vivado/2019.1/common/technology/xilinx/interface/maxi.hlp 
Execute                 source C:/Xilinx/Vivado/2019.1/common/technology/xilinx/interface/saxilite.hlp 
Execute               source C:/Xilinx/Vivado/2019.1/common/technology/xilinx/common/dsp48.hlp 
Execute         source C:/Xilinx/Vivado/2019.1/common/technology/xilinx/zynq/zynq_fpv6.gen 
Execute           source C:/Xilinx/Vivado/2019.1/common/technology/xilinx/common/xilinx_fp.gen 
Command       add_library done; 0.104 sec.
INFO: [HLS 200-10] Setting target device to 'xc7z007s-clg225-1'
Execute       ap_part_info -name xc7z007s-clg225-1 -data info 
Execute       get_default_platform 
Command     set_part done; 2.007 sec.
Execute     ap_part_info -data single -name xc7z007s-clg225-1 
Execute     ap_part_info -name xc7z007s-clg225-1 -data resources 
Execute     ap_part_info -name xc7z007s-clg225-1 -data info 
Execute     ap_part_info -name xc7z007s-clg225-1 -data info 
Execute     config_chip_info -quiet -resource {SLICE 4400} {LUT 14400} {FF 28800} {DSP48E 66} {BRAM 100} {URAM 0} 
Execute     ap_part_info -name xc7z007s-clg225-1 -data info 
Execute     config_chip_info -quiet -speed slow 
Command   open_solution done; 2.721 sec.
Execute   set_part xc7z007s-clg225-1 
Execute     ap_part_info -name xc7z007s-clg225-1 -data single -quiet 
Execute     ap_part_info -name xc7z007s-clg225-1 -data info 
Execute     add_library xilinx/zynq/zynq:xc7z007s:-clg225:-1 
Execute       get_default_platform 
Execute       license_isbetapart xc7z007s 
Command       license_isbetapart done; error code: 1; 
Execute       ap_part_info -data single -name xc7z007s-clg225-1 
Execute       ap_part_info -name xc7z007s-clg225-1 -data resources 
Execute       ap_part_info -name xc7z007s-clg225-1 -data info 
Execute       ap_part_info -name xc7z007s-clg225-1 -data info 
Execute       config_chip_info -quiet -resource {SLICE 4400} {LUT 14400} {FF 28800} {DSP48E 66} {BRAM 100} {URAM 0} 
Execute       ap_part_info -name xc7z007s-clg225-1 -data info 
Execute       config_chip_info -quiet -speed slow 
Execute     add_library xilinx/zynq/zynq_fpv6 
Execute       get_default_platform 
Execute       open_platform DefaultPlatform 
Execute       import_lib C:/Xilinx/Vivado/2019.1/common/technology/xilinx/zynq/zynq_fpv6 
Execute         source C:/Xilinx/Vivado/2019.1/common/technology/xilinx/common/xilinx_fp.lib 
Execute         source C:/Xilinx/Vivado/2019.1/common/technology/xilinx/common/xilinx_fp.hlp 
Execute           source C:/Xilinx/Vivado/2019.1/common/technology/xilinx/common/xilinx.hlp 
Execute             source C:/Xilinx/Vivado/2019.1/common/technology/xilinx/common/target_info.tcl 
Execute             source C:/Xilinx/Vivado/2019.1/common/technology/xilinx/interface/xilinx_interface.hlp 
Execute               source C:/Xilinx/Vivado/2019.1/common/technology/xilinx/interface/maxi.hlp 
Execute               source C:/Xilinx/Vivado/2019.1/common/technology/xilinx/interface/saxilite.hlp 
Execute             source C:/Xilinx/Vivado/2019.1/common/technology/xilinx/common/dsp48.hlp 
Execute       source C:/Xilinx/Vivado/2019.1/common/technology/xilinx/zynq/zynq_fpv6.gen 
Execute         source C:/Xilinx/Vivado/2019.1/common/technology/xilinx/common/xilinx_fp.gen 
Execute     ap_part_info -name xc7z007s-clg225-1 -data info 
Execute     get_default_platform 
Command   set_part done; 0.243 sec.
Execute   create_clock -period 10 -name default 
Execute   source ./project_process/max_array_unroll_pipeline/directives.tcl 
Execute     set_directive_array_partition -type complete -dim 1 fir_fixed regs 
INFO-FLOW: Setting directive 'ARRAY_PARTITION' partition=positionBooleanCmd variable=positionBooleanTextRequiredregs complete=positionBoolean0type dim=1 
Execute     set_directive_unroll -factor 2 fir_fixed/SHIFT 
INFO-FLOW: Setting directive 'ARRAY_PARTITION' partition=positionBooleanCmd variable=positionBooleanTextRequiredregs complete=positionBoolean0type dim=1 
INFO-FLOW: Setting directive 'UNROLL' factor=2 
Execute     set_directive_pipeline -II 2 fir_fixed/SHIFT 
INFO-FLOW: Setting directive 'ARRAY_PARTITION' partition=positionBooleanCmd variable=positionBooleanTextRequiredregs complete=positionBoolean0type dim=1 
INFO-FLOW: Setting directive 'UNROLL' factor=2 
INFO-FLOW: Setting directive 'PIPELINE' II=2 
Execute     set_directive_unroll -factor 2 fir_fixed/MAC 
INFO-FLOW: Setting directive 'ARRAY_PARTITION' partition=positionBooleanCmd variable=positionBooleanTextRequiredregs complete=positionBoolean0type dim=1 
INFO-FLOW: Setting directive 'UNROLL' factor=2 
INFO-FLOW: Setting directive 'PIPELINE' II=2 
INFO-FLOW: Setting directive 'UNROLL' factor=2 
Execute     set_directive_pipeline -II 2 fir_fixed/MAC 
INFO-FLOW: Setting directive 'ARRAY_PARTITION' partition=positionBooleanCmd variable=positionBooleanTextRequiredregs complete=positionBoolean0type dim=1 
INFO-FLOW: Setting directive 'UNROLL' factor=2 
INFO-FLOW: Setting directive 'PIPELINE' II=2 
INFO-FLOW: Setting directive 'UNROLL' factor=2 
INFO-FLOW: Setting directive 'PIPELINE' II=2 
Command   ap_source done; 0.172 sec.
Execute   csynth_design 
Execute     get_config_compile -dump_cfg 
Execute     get_config_compile -effort 
Execute     get_config_compile -enable_clang39 
Execute     get_config_compile -g 
Execute     get_config_compile -ng 
Execute     get_config_compile -opt_fp 
Execute     get_config_compile -skip_cdt 
Execute     get_config_compile -skip_syncheck 
Execute     get_config_compile -skip_transform 
Execute     get_config_compile -keep_printf 
Execute     elaborate -effort=medium -skip_syncheck=0 -keep_printf=0 -skip_cdt=0 -skip_transform=0 -ng=0 -g=0 -opt_fp=0 -from_csynth_design=1 
Execute       get_config_schedule -relax_ii_for_timing 
INFO: [SCHED 204-61] Option 'relax_ii_for_timing' is enabled, will increase II to preserve clock frequency constraints.
Execute       get_config_schedule -suppress_dependence_error_break 
INFO: [HLS 200-10] Analyzing design file 'fir_double.cpp' ... 
INFO-FLOW: Compiling one TU...
Execute       is_m_axi_addr64 
INFO-FLOW: Handling fir_double.cpp as C++
Execute       ap_part_info -name xc7z007s-clg225-1 -data info 
Execute       is_encrypted fir_double.cpp 
Execute       ap_part_info -name xc7z007s-clg225-1 -data info 
INFO-FLOW: Running: GCC PP
INFO-FLOW: Source preprocessing
Execute       clang  -fno-limit-debug-info -gcc-toolchain "C:/Xilinx/Vivado/2019.1/msys" -hls  -fno-exceptions  -D__llvm__  -E "fir_double.cpp"     -fno-math-errno -c -emit-llvm -O0  -mllvm -disable-llvm-optzns -fno-threadsafe-statics  -fno-use-cxa-atexit  -fno-threadsafe-statics -fno-use-cxa-atexit -D__CLANG_3_1__ -D__cdecl= -DAESL_SYN -D__SYNTHESIS__ -D__HLS_SYN__ -I "C:/Xilinx/Vivado/2019.1/common/technology/autopilot" -I "C:/Xilinx/Vivado/2019.1/common/technology/autopilot/ap_sysc" -include etc/autopilot_ssdm_op.h -D__DSP48E1__  -o "C:/Users/doria/Desktop/HSCe_Project/project_process/max_array_unroll_pipeline/.autopilot/db/fir_double.pp.0.cpp" 
INFO-FLOW: exec C:/Xilinx/Vivado/2019.1/win64/tools/clang/bin/clang -fno-limit-debug-info -gcc-toolchain C:/Xilinx/Vivado/2019.1/msys -hls -fno-exceptions -D__llvm__ -E fir_double.cpp -fno-math-errno -c -emit-llvm -O0 -mllvm -disable-llvm-optzns -fno-threadsafe-statics -fno-use-cxa-atexit -fno-threadsafe-statics -fno-use-cxa-atexit -D__CLANG_3_1__ -D__cdecl= -DAESL_SYN -D__SYNTHESIS__ -D__HLS_SYN__ -I C:/Xilinx/Vivado/2019.1/common/technology/autopilot -I C:/Xilinx/Vivado/2019.1/common/technology/autopilot/ap_sysc -include etc/autopilot_ssdm_op.h -D__DSP48E1__ -o C:/Users/doria/Desktop/HSCe_Project/project_process/max_array_unroll_pipeline/.autopilot/db/fir_double.pp.0.cpp
Command       clang done; 4.157 sec.
Execute       tidy_31 xilinx-xfmat-array-geometry C:/Users/doria/Desktop/HSCe_Project/project_process/max_array_unroll_pipeline/.autopilot/db/fir_double.pp.0.cpp std=gnu++98 
INFO-FLOW: exec C:/Xilinx/Vivado/2019.1/win64/tools/clang-3.9-csynth/bin/tidy-3.1 -header-filter=.* -checks=-*,xilinx-xfmat-array-geometry -quiet -fix C:/Users/doria/Desktop/HSCe_Project/project_process/max_array_unroll_pipeline/.autopilot/db/fir_double.pp.0.cpp -- -std=gnu++98 -fhls -ferror-limit=0
Command       tidy_31 done; 1.104 sec.
INFO-FLOW: Syntax Checking before pre-processing...
Execute       clang -syntaxcheck -src C:/Users/doria/Desktop/HSCe_Project/project_process/max_array_unroll_pipeline/.autopilot/db/fir_double.pp.0.cpp  -fno-limit-debug-info -gcc-toolchain "C:/Xilinx/Vivado/2019.1/msys" -hls    -fno-math-errno -c -emit-llvm -O0  -mllvm -disable-llvm-optzns -fno-threadsafe-statics  -fno-use-cxa-atexit  -fno-threadsafe-statics -fno-use-cxa-atexit -D__CLANG_3_1__ -D__cdecl= -DAESL_SYN -D__SYNTHESIS__ -D__HLS_SYN__ -I "C:/Xilinx/Vivado/2019.1/common/technology/autopilot" -I "C:/Xilinx/Vivado/2019.1/common/technology/autopilot/ap_sysc" -include etc/autopilot_ssdm_op.h -D__DSP48E1__  "C:/Users/doria/Desktop/HSCe_Project/project_process/max_array_unroll_pipeline/.autopilot/db/fir_double.pp.0.cpp"  -o "C:/Users/doria/Desktop/HSCe_Project/project_process/max_array_unroll_pipeline/.autopilot/db/useless.bc"  
INFO-FLOW: exec C:/Xilinx/Vivado/2019.1/win64/tools/clang/bin/clang -fno-limit-debug-info -gcc-toolchain C:/Xilinx/Vivado/2019.1/msys -hls -fno-math-errno -c -emit-llvm -O0 -mllvm -disable-llvm-optzns -fno-threadsafe-statics -fno-use-cxa-atexit -fno-threadsafe-statics -fno-use-cxa-atexit -D__CLANG_3_1__ -D__cdecl= -DAESL_SYN -D__SYNTHESIS__ -D__HLS_SYN__ -I C:/Xilinx/Vivado/2019.1/common/technology/autopilot -I C:/Xilinx/Vivado/2019.1/common/technology/autopilot/ap_sysc -include etc/autopilot_ssdm_op.h -D__DSP48E1__ C:/Users/doria/Desktop/HSCe_Project/project_process/max_array_unroll_pipeline/.autopilot/db/fir_double.pp.0.cpp -o C:/Users/doria/Desktop/HSCe_Project/project_process/max_array_unroll_pipeline/.autopilot/db/useless.bc
Command       clang done; 3.057 sec.
INFO-FLOW: Done: GCC PP time: 8.3 seconds per iteration
INFO-FLOW: Setting directive 'ARRAY_PARTITION' partition=positionBooleanCmd variable=positionBooleanTextRequiredregs complete=positionBoolean0type dim=1 
INFO-FLOW: Setting directive 'UNROLL' factor=2 
INFO-FLOW: Setting directive 'PIPELINE' II=2 
INFO-FLOW: Setting directive 'UNROLL' factor=2 
INFO-FLOW: Setting directive 'PIPELINE' II=2 
Execute       source C:/Xilinx/Vivado/2019.1/tps/tcl/tcllib1.11.1/yaml/huddle.tcl 
Execute       source C:/Xilinx/Vivado/2019.1/tps/tcl/tcllib1.11.1/yaml/json2huddle.tcl 
Execute         source C:/Xilinx/Vivado/2019.1/tps/tcl/tcllib1.11.1/try/try.tcl 
Command       ap_source done; 0.116 sec.
INFO-FLOW: Setting directive 'ARRAY_PARTITION' partition=positionBooleanCmd variable=positionBooleanTextRequiredregs complete=positionBoolean0type dim=1 
INFO-FLOW: Setting directive 'UNROLL' factor=2 
INFO-FLOW: Setting directive 'PIPELINE' II=2 
INFO-FLOW: Setting directive 'UNROLL' factor=2 
INFO-FLOW: Setting directive 'PIPELINE' II=2 
Execute       list_core -type functional_unit 
Execute       tidy_31 xilinx-systemc-detector C:/Users/doria/Desktop/HSCe_Project/project_process/max_array_unroll_pipeline/.autopilot/db/fir_double.pp.0.cpp std=gnu++98 -directive=C:/Users/doria/Desktop/HSCe_Project/project_process/max_array_unroll_pipeline/.autopilot/db/.systemc_flag 
INFO-FLOW: exec C:/Xilinx/Vivado/2019.1/win64/tools/clang-3.9-csynth/bin/tidy-3.1 -header-filter=.* -checks=-*,xilinx-systemc-detector -import-directive=C:/Users/doria/Desktop/HSCe_Project/project_process/max_array_unroll_pipeline/.autopilot/db/.systemc_flag -quiet -fix-errors C:/Users/doria/Desktop/HSCe_Project/project_process/max_array_unroll_pipeline/.autopilot/db/fir_double.pp.0.cpp -- -std=gnu++98 -fhls -ferror-limit=0
Command       tidy_31 done; 1.245 sec.
INFO-FLOW: Running: tidy-3.1 CDT preprocess
Execute       tidy_31 xilinx-directive2pragma C:/Users/doria/Desktop/HSCe_Project/project_process/max_array_unroll_pipeline/.autopilot/db/fir_double.pp.0.cpp std=gnu++98 -directive=C:/Users/doria/Desktop/HSCe_Project/project_process/max_array_unroll_pipeline/.autopilot/db/all.directive.json 
INFO-FLOW: exec C:/Xilinx/Vivado/2019.1/win64/tools/clang-3.9-csynth/bin/tidy-3.1 -header-filter=.* -checks=-*,xilinx-directive2pragma -import-directive=C:/Users/doria/Desktop/HSCe_Project/project_process/max_array_unroll_pipeline/.autopilot/db/all.directive.json -quiet -fix-errors C:/Users/doria/Desktop/HSCe_Project/project_process/max_array_unroll_pipeline/.autopilot/db/fir_double.pp.0.cpp -- -std=gnu++98 -fhls -ferror-limit=0
Command       tidy_31 done; 1.037 sec.
Execute       get_config_dataflow -strict_mode 
Execute       ap_eval exec -ignorestderr C:/Xilinx/Vivado/2019.1/win64/tools/clang-3.9-csynth/bin/xilinx-dataflow-lawyer -export-fixes=C:/Users/doria/Desktop/HSCe_Project/project_process/max_array_unroll_pipeline/.autopilot/db/xilinx-dataflow-lawyer.fir_double.pp.0.cpp.diag.yml C:/Users/doria/Desktop/HSCe_Project/project_process/max_array_unroll_pipeline/.autopilot/db/fir_double.pp.0.cpp -- -std=gnu++98 -fhls -ferror-limit=0 -fstrict-dataflow > C:/Users/doria/Desktop/HSCe_Project/project_process/max_array_unroll_pipeline/.autopilot/db/xilinx-dataflow-lawyer.fir_double.pp.0.cpp.out.log 2> C:/Users/doria/Desktop/HSCe_Project/project_process/max_array_unroll_pipeline/.autopilot/db/xilinx-dataflow-lawyer.fir_double.pp.0.cpp.err.log 
Command       ap_eval done; 0.805 sec.
Execute       tidy_31 -errorcheck xilinx-constantarray-param,xilinx-resource-pragma-transformer,xilinx-xfmat-array-geometry C:/Users/doria/Desktop/HSCe_Project/project_process/max_array_unroll_pipeline/.autopilot/db/fir_double.pp.0.cpp std=gnu++98 
Execute         ap_eval exec -ignorestderr C:/Xilinx/Vivado/2019.1/win64/tools/clang-3.9-csynth/bin/tidy-3.1 -export-fixes=C:/Users/doria/Desktop/HSCe_Project/project_process/max_array_unroll_pipeline/.autopilot/db/tidy-3.1.fir_double.pp.0.cpp.diag.yml -header-filter=.* -checks=-*,xilinx-constantarray-param,xilinx-resource-pragma-transformer,xilinx-xfmat-array-geometry -quiet -fix-errors C:/Users/doria/Desktop/HSCe_Project/project_process/max_array_unroll_pipeline/.autopilot/db/fir_double.pp.0.cpp -- -std=gnu++98 -fhls -ferror-limit=0 > C:/Users/doria/Desktop/HSCe_Project/project_process/max_array_unroll_pipeline/.autopilot/db/tidy-3.1.fir_double.pp.0.cpp.out.log 2> C:/Users/doria/Desktop/HSCe_Project/project_process/max_array_unroll_pipeline/.autopilot/db/tidy-3.1.fir_double.pp.0.cpp.err.log 
Command         ap_eval done; 1.9 sec.
Execute         source C:/Xilinx/Vivado/2019.1/tps/tcl/tcllib1.11.1/yaml/yaml.tcl 
Execute           source C:/Xilinx/Vivado/2019.1/tps/tcl/tcllib1.11.1/cmdline/cmdline.tcl 
Execute         ap_eval exec -ignorestderr C:/Xilinx/Vivado/2019.1/win64/tools/clang-3.9-csynth/bin/xilinx-legacy-rewriter C:/Users/doria/Desktop/HSCe_Project/project_process/max_array_unroll_pipeline/.autopilot/db/fir_double.pp.0.cpp -- -std=gnu++98 -fhls -ferror-limit=0 > C:/Users/doria/Desktop/HSCe_Project/project_process/max_array_unroll_pipeline/.autopilot/db/xilinx-legacy-rewriter.fir_double.pp.0.cpp.out.log 2> C:/Users/doria/Desktop/HSCe_Project/project_process/max_array_unroll_pipeline/.autopilot/db/xilinx-legacy-rewriter.fir_double.pp.0.cpp.err.log 
Command         ap_eval done; 0.707 sec.
Command       tidy_31 done; 2.714 sec.
INFO-FLOW: Done: tidy-3.1 CDT preprocess time: 4.6 seconds per iteration
INFO-FLOW: Pragma Handling...
Execute       tidy_31 xilinx-ssdm-intrinsics-arguments C:/Users/doria/Desktop/HSCe_Project/project_process/max_array_unroll_pipeline/.autopilot/db/fir_double.pragma.1.cpp std=gnu++98 
INFO-FLOW: exec C:/Xilinx/Vivado/2019.1/win64/tools/clang-3.9-csynth/bin/tidy-3.1 -header-filter=.* -checks=-*,xilinx-ssdm-intrinsics-arguments -quiet -fix-errors C:/Users/doria/Desktop/HSCe_Project/project_process/max_array_unroll_pipeline/.autopilot/db/fir_double.pragma.1.cpp -- -std=gnu++98 -fhls -ferror-limit=0
Command       tidy_31 done; 1.462 sec.
Execute       ap_part_info -name xc7z007s-clg225-1 -data info 
INFO-FLOW: Processing labels
Execute       clang -src C:/Users/doria/Desktop/HSCe_Project/project_process/max_array_unroll_pipeline/.autopilot/db/fir_double.pragma.2.cpp  -fno-limit-debug-info -gcc-toolchain C:/Xilinx/Vivado/2019.1/msys -hls -hls-analyze-label -hls-analyze-pragma -fno-exceptions  -D__llvm__  -w  "C:/Users/doria/Desktop/HSCe_Project/project_process/max_array_unroll_pipeline/.autopilot/db/fir_double.pragma.2.cpp"    -fno-math-errno -c -emit-llvm -O0  -mllvm -disable-llvm-optzns -fno-threadsafe-statics  -fno-use-cxa-atexit -DAESL_SYN -D__SYNTHESIS__ -D__HLS_SYN__ -I "C:/Xilinx/Vivado/2019.1/common/technology/autopilot" -I "C:/Xilinx/Vivado/2019.1/common/technology/autopilot/ap_sysc" -include etc/autopilot_ssdm_op.h -D__DSP48E1__ -g -o "C:/Users/doria/Desktop/HSCe_Project/project_process/max_array_unroll_pipeline/.autopilot/db/fir_double.bc" 
INFO-FLOW: exec C:/Xilinx/Vivado/2019.1/win64/tools/clang/bin/clang -fno-limit-debug-info -gcc-toolchain C:/Xilinx/Vivado/2019.1/msys -hls -hls-analyze-label -hls-analyze-pragma -fno-exceptions -D__llvm__ -w C:/Users/doria/Desktop/HSCe_Project/project_process/max_array_unroll_pipeline/.autopilot/db/fir_double.pragma.2.cpp -fno-math-errno -c -emit-llvm -O0 -mllvm -disable-llvm-optzns -fno-threadsafe-statics -fno-use-cxa-atexit -DAESL_SYN -D__SYNTHESIS__ -D__HLS_SYN__ -I C:/Xilinx/Vivado/2019.1/common/technology/autopilot -I C:/Xilinx/Vivado/2019.1/common/technology/autopilot/ap_sysc -include etc/autopilot_ssdm_op.h -D__DSP48E1__ -g -o C:/Users/doria/Desktop/HSCe_Project/project_process/max_array_unroll_pipeline/.autopilot/db/fir_double.bc
Command       clang done; 2.974 sec.
INFO: [HLS 200-10] Analyzing design file 'fir_fixed.cpp' ... 
INFO-FLOW: Compiling one TU...
Execute       is_m_axi_addr64 
INFO-FLOW: Handling fir_fixed.cpp as C++
Execute       ap_part_info -name xc7z007s-clg225-1 -data info 
Execute       is_encrypted fir_fixed.cpp 
Execute       ap_part_info -name xc7z007s-clg225-1 -data info 
INFO-FLOW: Running: GCC PP
INFO-FLOW: Source preprocessing
Execute       clang  -fno-limit-debug-info -gcc-toolchain "C:/Xilinx/Vivado/2019.1/msys" -hls  -fno-exceptions  -D__llvm__  -E "fir_fixed.cpp"     -fno-math-errno -c -emit-llvm -O0  -mllvm -disable-llvm-optzns -fno-threadsafe-statics  -fno-use-cxa-atexit  -fno-threadsafe-statics -fno-use-cxa-atexit -D__CLANG_3_1__ -D__cdecl= -DAESL_SYN -D__SYNTHESIS__ -D__HLS_SYN__ -I "C:/Xilinx/Vivado/2019.1/common/technology/autopilot" -I "C:/Xilinx/Vivado/2019.1/common/technology/autopilot/ap_sysc" -include etc/autopilot_ssdm_op.h -D__DSP48E1__  -o "C:/Users/doria/Desktop/HSCe_Project/project_process/max_array_unroll_pipeline/.autopilot/db/fir_fixed.pp.0.cpp" 
INFO-FLOW: exec C:/Xilinx/Vivado/2019.1/win64/tools/clang/bin/clang -fno-limit-debug-info -gcc-toolchain C:/Xilinx/Vivado/2019.1/msys -hls -fno-exceptions -D__llvm__ -E fir_fixed.cpp -fno-math-errno -c -emit-llvm -O0 -mllvm -disable-llvm-optzns -fno-threadsafe-statics -fno-use-cxa-atexit -fno-threadsafe-statics -fno-use-cxa-atexit -D__CLANG_3_1__ -D__cdecl= -DAESL_SYN -D__SYNTHESIS__ -D__HLS_SYN__ -I C:/Xilinx/Vivado/2019.1/common/technology/autopilot -I C:/Xilinx/Vivado/2019.1/common/technology/autopilot/ap_sysc -include etc/autopilot_ssdm_op.h -D__DSP48E1__ -o C:/Users/doria/Desktop/HSCe_Project/project_process/max_array_unroll_pipeline/.autopilot/db/fir_fixed.pp.0.cpp
Command       clang done; 2.226 sec.
Execute       tidy_31 xilinx-xfmat-array-geometry C:/Users/doria/Desktop/HSCe_Project/project_process/max_array_unroll_pipeline/.autopilot/db/fir_fixed.pp.0.cpp std=gnu++98 
INFO-FLOW: exec C:/Xilinx/Vivado/2019.1/win64/tools/clang-3.9-csynth/bin/tidy-3.1 -header-filter=.* -checks=-*,xilinx-xfmat-array-geometry -quiet -fix C:/Users/doria/Desktop/HSCe_Project/project_process/max_array_unroll_pipeline/.autopilot/db/fir_fixed.pp.0.cpp -- -std=gnu++98 -fhls -ferror-limit=0
Command       tidy_31 done; 1.195 sec.
INFO-FLOW: Syntax Checking before pre-processing...
Execute       clang -syntaxcheck -src C:/Users/doria/Desktop/HSCe_Project/project_process/max_array_unroll_pipeline/.autopilot/db/fir_fixed.pp.0.cpp  -fno-limit-debug-info -gcc-toolchain "C:/Xilinx/Vivado/2019.1/msys" -hls    -fno-math-errno -c -emit-llvm -O0  -mllvm -disable-llvm-optzns -fno-threadsafe-statics  -fno-use-cxa-atexit  -fno-threadsafe-statics -fno-use-cxa-atexit -D__CLANG_3_1__ -D__cdecl= -DAESL_SYN -D__SYNTHESIS__ -D__HLS_SYN__ -I "C:/Xilinx/Vivado/2019.1/common/technology/autopilot" -I "C:/Xilinx/Vivado/2019.1/common/technology/autopilot/ap_sysc" -include etc/autopilot_ssdm_op.h -D__DSP48E1__  "C:/Users/doria/Desktop/HSCe_Project/project_process/max_array_unroll_pipeline/.autopilot/db/fir_fixed.pp.0.cpp"  -o "C:/Users/doria/Desktop/HSCe_Project/project_process/max_array_unroll_pipeline/.autopilot/db/useless.bc"  
INFO-FLOW: exec C:/Xilinx/Vivado/2019.1/win64/tools/clang/bin/clang -fno-limit-debug-info -gcc-toolchain C:/Xilinx/Vivado/2019.1/msys -hls -fno-math-errno -c -emit-llvm -O0 -mllvm -disable-llvm-optzns -fno-threadsafe-statics -fno-use-cxa-atexit -fno-threadsafe-statics -fno-use-cxa-atexit -D__CLANG_3_1__ -D__cdecl= -DAESL_SYN -D__SYNTHESIS__ -D__HLS_SYN__ -I C:/Xilinx/Vivado/2019.1/common/technology/autopilot -I C:/Xilinx/Vivado/2019.1/common/technology/autopilot/ap_sysc -include etc/autopilot_ssdm_op.h -D__DSP48E1__ C:/Users/doria/Desktop/HSCe_Project/project_process/max_array_unroll_pipeline/.autopilot/db/fir_fixed.pp.0.cpp -o C:/Users/doria/Desktop/HSCe_Project/project_process/max_array_unroll_pipeline/.autopilot/db/useless.bc
Command       clang done; 2.723 sec.
INFO-FLOW: Done: GCC PP time: 6.1 seconds per iteration
INFO-FLOW: Setting directive 'ARRAY_PARTITION' partition=positionBooleanCmd variable=positionBooleanTextRequiredregs complete=positionBoolean0type dim=1 
INFO-FLOW: Setting directive 'UNROLL' factor=2 
INFO-FLOW: Setting directive 'PIPELINE' II=2 
INFO-FLOW: Setting directive 'UNROLL' factor=2 
INFO-FLOW: Setting directive 'PIPELINE' II=2 
INFO-FLOW: Setting directive 'ARRAY_PARTITION' partition=positionBooleanCmd variable=positionBooleanTextRequiredregs complete=positionBoolean0type dim=1 
INFO-FLOW: Setting directive 'UNROLL' factor=2 
INFO-FLOW: Setting directive 'PIPELINE' II=2 
INFO-FLOW: Setting directive 'UNROLL' factor=2 
INFO-FLOW: Setting directive 'PIPELINE' II=2 
Execute       list_core -type functional_unit 
Execute       tidy_31 xilinx-systemc-detector C:/Users/doria/Desktop/HSCe_Project/project_process/max_array_unroll_pipeline/.autopilot/db/fir_fixed.pp.0.cpp std=gnu++98 -directive=C:/Users/doria/Desktop/HSCe_Project/project_process/max_array_unroll_pipeline/.autopilot/db/.systemc_flag 
INFO-FLOW: exec C:/Xilinx/Vivado/2019.1/win64/tools/clang-3.9-csynth/bin/tidy-3.1 -header-filter=.* -checks=-*,xilinx-systemc-detector -import-directive=C:/Users/doria/Desktop/HSCe_Project/project_process/max_array_unroll_pipeline/.autopilot/db/.systemc_flag -quiet -fix-errors C:/Users/doria/Desktop/HSCe_Project/project_process/max_array_unroll_pipeline/.autopilot/db/fir_fixed.pp.0.cpp -- -std=gnu++98 -fhls -ferror-limit=0
Command       tidy_31 done; 1.147 sec.
INFO-FLOW: Running: tidy-3.1 CDT preprocess
Execute       tidy_31 xilinx-directive2pragma C:/Users/doria/Desktop/HSCe_Project/project_process/max_array_unroll_pipeline/.autopilot/db/fir_fixed.pp.0.cpp std=gnu++98 -directive=C:/Users/doria/Desktop/HSCe_Project/project_process/max_array_unroll_pipeline/.autopilot/db/all.directive.json 
INFO-FLOW: exec C:/Xilinx/Vivado/2019.1/win64/tools/clang-3.9-csynth/bin/tidy-3.1 -header-filter=.* -checks=-*,xilinx-directive2pragma -import-directive=C:/Users/doria/Desktop/HSCe_Project/project_process/max_array_unroll_pipeline/.autopilot/db/all.directive.json -quiet -fix-errors C:/Users/doria/Desktop/HSCe_Project/project_process/max_array_unroll_pipeline/.autopilot/db/fir_fixed.pp.0.cpp -- -std=gnu++98 -fhls -ferror-limit=0
Command       tidy_31 done; 2.029 sec.
Execute       get_config_dataflow -strict_mode 
Execute       ap_eval exec -ignorestderr C:/Xilinx/Vivado/2019.1/win64/tools/clang-3.9-csynth/bin/xilinx-dataflow-lawyer -export-fixes=C:/Users/doria/Desktop/HSCe_Project/project_process/max_array_unroll_pipeline/.autopilot/db/xilinx-dataflow-lawyer.fir_fixed.pp.0.cpp.diag.yml C:/Users/doria/Desktop/HSCe_Project/project_process/max_array_unroll_pipeline/.autopilot/db/fir_fixed.pp.0.cpp -- -std=gnu++98 -fhls -ferror-limit=0 -fstrict-dataflow > C:/Users/doria/Desktop/HSCe_Project/project_process/max_array_unroll_pipeline/.autopilot/db/xilinx-dataflow-lawyer.fir_fixed.pp.0.cpp.out.log 2> C:/Users/doria/Desktop/HSCe_Project/project_process/max_array_unroll_pipeline/.autopilot/db/xilinx-dataflow-lawyer.fir_fixed.pp.0.cpp.err.log 
Command       ap_eval done; 0.896 sec.
Execute       tidy_31 -errorcheck xilinx-constantarray-param,xilinx-resource-pragma-transformer,xilinx-xfmat-array-geometry C:/Users/doria/Desktop/HSCe_Project/project_process/max_array_unroll_pipeline/.autopilot/db/fir_fixed.pp.0.cpp std=gnu++98 
Execute         ap_eval exec -ignorestderr C:/Xilinx/Vivado/2019.1/win64/tools/clang-3.9-csynth/bin/tidy-3.1 -export-fixes=C:/Users/doria/Desktop/HSCe_Project/project_process/max_array_unroll_pipeline/.autopilot/db/tidy-3.1.fir_fixed.pp.0.cpp.diag.yml -header-filter=.* -checks=-*,xilinx-constantarray-param,xilinx-resource-pragma-transformer,xilinx-xfmat-array-geometry -quiet -fix-errors C:/Users/doria/Desktop/HSCe_Project/project_process/max_array_unroll_pipeline/.autopilot/db/fir_fixed.pp.0.cpp -- -std=gnu++98 -fhls -ferror-limit=0 > C:/Users/doria/Desktop/HSCe_Project/project_process/max_array_unroll_pipeline/.autopilot/db/tidy-3.1.fir_fixed.pp.0.cpp.out.log 2> C:/Users/doria/Desktop/HSCe_Project/project_process/max_array_unroll_pipeline/.autopilot/db/tidy-3.1.fir_fixed.pp.0.cpp.err.log 
Command         ap_eval done; 2.146 sec.
Execute         ap_eval exec -ignorestderr C:/Xilinx/Vivado/2019.1/win64/tools/clang-3.9-csynth/bin/xilinx-legacy-rewriter C:/Users/doria/Desktop/HSCe_Project/project_process/max_array_unroll_pipeline/.autopilot/db/fir_fixed.pp.0.cpp -- -std=gnu++98 -fhls -ferror-limit=0 > C:/Users/doria/Desktop/HSCe_Project/project_process/max_array_unroll_pipeline/.autopilot/db/xilinx-legacy-rewriter.fir_fixed.pp.0.cpp.out.log 2> C:/Users/doria/Desktop/HSCe_Project/project_process/max_array_unroll_pipeline/.autopilot/db/xilinx-legacy-rewriter.fir_fixed.pp.0.cpp.err.log 
Command         ap_eval done; 0.778 sec.
Command       tidy_31 done; 2.941 sec.
INFO-FLOW: Done: tidy-3.1 CDT preprocess time: 5.9 seconds per iteration
INFO-FLOW: Pragma Handling...
Execute       tidy_31 xilinx-ssdm-intrinsics-arguments C:/Users/doria/Desktop/HSCe_Project/project_process/max_array_unroll_pipeline/.autopilot/db/fir_fixed.pragma.1.cpp std=gnu++98 
INFO-FLOW: exec C:/Xilinx/Vivado/2019.1/win64/tools/clang-3.9-csynth/bin/tidy-3.1 -header-filter=.* -checks=-*,xilinx-ssdm-intrinsics-arguments -quiet -fix-errors C:/Users/doria/Desktop/HSCe_Project/project_process/max_array_unroll_pipeline/.autopilot/db/fir_fixed.pragma.1.cpp -- -std=gnu++98 -fhls -ferror-limit=0
Command       tidy_31 done; 1.336 sec.
Execute       ap_part_info -name xc7z007s-clg225-1 -data info 
INFO-FLOW: Processing labels
Execute       clang -src C:/Users/doria/Desktop/HSCe_Project/project_process/max_array_unroll_pipeline/.autopilot/db/fir_fixed.pragma.2.cpp  -fno-limit-debug-info -gcc-toolchain C:/Xilinx/Vivado/2019.1/msys -hls -hls-analyze-label -hls-analyze-pragma -fno-exceptions  -D__llvm__  -w  "C:/Users/doria/Desktop/HSCe_Project/project_process/max_array_unroll_pipeline/.autopilot/db/fir_fixed.pragma.2.cpp"    -fno-math-errno -c -emit-llvm -O0  -mllvm -disable-llvm-optzns -fno-threadsafe-statics  -fno-use-cxa-atexit -DAESL_SYN -D__SYNTHESIS__ -D__HLS_SYN__ -I "C:/Xilinx/Vivado/2019.1/common/technology/autopilot" -I "C:/Xilinx/Vivado/2019.1/common/technology/autopilot/ap_sysc" -include etc/autopilot_ssdm_op.h -D__DSP48E1__ -g -o "C:/Users/doria/Desktop/HSCe_Project/project_process/max_array_unroll_pipeline/.autopilot/db/fir_fixed.bc" 
INFO-FLOW: exec C:/Xilinx/Vivado/2019.1/win64/tools/clang/bin/clang -fno-limit-debug-info -gcc-toolchain C:/Xilinx/Vivado/2019.1/msys -hls -hls-analyze-label -hls-analyze-pragma -fno-exceptions -D__llvm__ -w C:/Users/doria/Desktop/HSCe_Project/project_process/max_array_unroll_pipeline/.autopilot/db/fir_fixed.pragma.2.cpp -fno-math-errno -c -emit-llvm -O0 -mllvm -disable-llvm-optzns -fno-threadsafe-statics -fno-use-cxa-atexit -DAESL_SYN -D__SYNTHESIS__ -D__HLS_SYN__ -I C:/Xilinx/Vivado/2019.1/common/technology/autopilot -I C:/Xilinx/Vivado/2019.1/common/technology/autopilot/ap_sysc -include etc/autopilot_ssdm_op.h -D__DSP48E1__ -g -o C:/Users/doria/Desktop/HSCe_Project/project_process/max_array_unroll_pipeline/.autopilot/db/fir_fixed.bc
Command       clang done; 2.63 sec.
INFO-FLOW: Linking Debug ...
Execute       llvm-ld C:/Users/doria/Desktop/HSCe_Project/project_process/max_array_unroll_pipeline/.autopilot/db/fir_double.g.bc C:/Users/doria/Desktop/HSCe_Project/project_process/max_array_unroll_pipeline/.autopilot/db/fir_fixed.g.bc -hls-opt -except-internalize fir_fixed -LC:/Xilinx/Vivado/2019.1/win64/lib -lhlsm -lhlsmc++ -o C:/Users/doria/Desktop/HSCe_Project/project_process/max_array_unroll_pipeline/.autopilot/db/a.g 
Command       llvm-ld done; 13.079 sec.
INFO: [HLS 200-111] Finished Linking Time (s): cpu = 00:00:03 ; elapsed = 00:00:56 . Memory (MB): peak = 174.957 ; gain = 85.379
INFO: [HLS 200-111] Finished Checking Pragmas Time (s): cpu = 00:00:03 ; elapsed = 00:00:56 . Memory (MB): peak = 174.957 ; gain = 85.379
Execute       get_config_sdx -target 
Execute       opt_and_import_c a -opt_level=2 -skip_syncheck=0 -ng=0 -keep_printf=0 
Execute         cleanup_all_models 
INFO: [HLS 200-10] Starting code transformations ...
Execute         transform -promote-dbg-pointer C:/Users/doria/Desktop/HSCe_Project/project_process/max_array_unroll_pipeline/.autopilot/db/a.pp.bc -o C:/Users/doria/Desktop/HSCe_Project/project_process/max_array_unroll_pipeline/.autopilot/db/a.pp.0.bc -f 
Command         transform done; 0.16 sec.
Execute         llvm-ld C:/Users/doria/Desktop/HSCe_Project/project_process/max_array_unroll_pipeline/.autopilot/db/a.pp.0.bc -disable-opt -LC:/Xilinx/Vivado/2019.1/win64/lib -lfloatconversion -o C:/Users/doria/Desktop/HSCe_Project/project_process/max_array_unroll_pipeline/.autopilot/db/a.g.0 
Command         llvm-ld done; 1.179 sec.
INFO-FLOW: Running Standard Transforms...
Execute         transform -hls -share-std-xform -demangle-name -inline-byval-memcpy -always-inline -promote-dbg-pointer -interface-preproc -mem2reg -scalarrepl -mem2reg -keep-read-access -instcombine -dce -promote-dbg-pointer -bitop-raise -loop-simplify -indvarspre -indvars -loop-simplify -xunroll -constprop -instcombine -simplifycfg -indvars -simplifycfg -dce -globaldce -basicaa -simplifycfg -mem2reg -globalopt -global-constprop -deadargelim -instcombine -simplifycfg -prune-eh -simplifycfg -scalarrepl -instcombine -reassociate -licm -simplifycfg -loop-simplify -indvars -instcombine -simplifycfg -mem2reg -loop-simplify -indvars -instcombine -gvn -gvn -instcombine -adce -break-crit-edges -simplifycfg -loop-delete -global-array-opt -dce -dse -adce -find-syn-modules -top fir_fixed -deadargelim -mem2reg -instcombine -dce -presyn-prepare -auto-rom-infer -interface-preproc -syn-check -check-rec-only -find-region -simplifycfg -func-extr -function-inline -globaldce -mem2reg -instcombine -dce -gvn -globaldce -adce -adse -constprop -instcombine -bit-constprop -instcombine -dce -simplifycfg -bitop-raise -simplifycfg -dce -loop-delete -reassociate -globalopt -global-privatize -mem2reg -dce -global-constprop -pointer-simplify -constprop -dce -func-inst -deadargelim -auto-shift-reg-idiom -promote-dbg-pointer -norm-name C:/Users/doria/Desktop/HSCe_Project/project_process/max_array_unroll_pipeline/.autopilot/db/a.g.0.bc -o C:/Users/doria/Desktop/HSCe_Project/project_process/max_array_unroll_pipeline/.autopilot/db/a.g.1.bc -f -phase std-opt 
Command         transform done; 0.109 sec.
INFO: [HLS 200-111] Finished Standard Transforms Time (s): cpu = 00:00:03 ; elapsed = 00:00:57 . Memory (MB): peak = 174.957 ; gain = 85.379
INFO: [HLS 200-10] Checking synthesizability ...
INFO-FLOW: Checking Synthesizability 1/2..
Execute         transform -hls -syn-check -check-rec-only -disaggr -scalarrepl -norm-name -dce -mem2reg -instcombine -function-uniquify -directive-preproc -mem2reg -dse -dce -auto-rom-infer -dce -pag -array-normalize -instcombine -dce -warn-fifo-pointer -array-seg-normalize -instcombine -dce -array-flatten -instcombine -dce -array-burst -dce -deadargelim -promote-global-argument -simplifycfg -mem2reg -globaldce -dce -deadargelim -dce -instcombine -function-inline -globaldce -dce -doublePtrSimplify -doublePtrElim -dce -doublePtrSimplify -promote-dbg-pointer -dce -scalarrepl -dse -adse -instcombine -ptrLegalization -simplifycfg -dce -instcombine -pointer-simplify -ptrArgReplace -dce -instcombine -resolve-double-ptr -disaggr -scalarrepl -norm-name -dce -mem2reg -instcombine -ptrLegalization -simplifycfg -deadargelim -instcombine -dce -inst-simplify -function-uniquify -directive-preproc -mem2reg -dse -dce -globaldce -check-dspbuiltin C:/Users/doria/Desktop/HSCe_Project/project_process/max_array_unroll_pipeline/.autopilot/db/a.g.1.bc -o C:/Users/doria/Desktop/HSCe_Project/project_process/max_array_unroll_pipeline/.autopilot/db/a.g.2.prechk.bc -f 
INFO-FLOW: Checking Synthesizability 2/2..
Execute         transform -syn-check C:/Users/doria/Desktop/HSCe_Project/project_process/max_array_unroll_pipeline/.autopilot/db/a.g.2.prechk.bc -o C:/Users/doria/Desktop/HSCe_Project/project_process/max_array_unroll_pipeline/.autopilot/db/a.g.2.bc -f -phase syn-check 
INFO: [HLS 200-111] Finished Checking Synthesizability Time (s): cpu = 00:00:03 ; elapsed = 00:00:57 . Memory (MB): peak = 174.957 ; gain = 85.379
INFO-FLOW: Compiler optimizing ...
INFO-FLOW: Share syncheck's 1.bc for syn flow: copy C:/Users/doria/Desktop/HSCe_Project/project_process/max_array_unroll_pipeline/.autopilot/db/a.g.1.bc to C:/Users/doria/Desktop/HSCe_Project/project_process/max_array_unroll_pipeline/.autopilot/db/a.o.1.bc
INFO-FLOW: Presyn 1...
Execute         transform -hls -tmp C:/Users/doria/Desktop/HSCe_Project/project_process/max_array_unroll_pipeline/.autopilot/db -interface-port-rename -type-info -function-uniquify -directive-preproc -mem2reg -dse -dce -disaggr -scalarrepl -norm-name -deadargelim -mem2reg -instcombine -dce -simplifycfg -auto-rom-infer -dce -function-uniquify -resource-proc -clib-intrinsic-prepare -dce -func-buffer -dce -pag -array-normalize -func-legal -instcombine -gvn -constprop -dce -simplifycfg -mem2reg -globaldce -resolve-double-ptr -dce -deadargelim -dce -instcombine -ptrArgReplace -mem2reg -dce -array-seg-normalize -deadargelim -instcombine -dce -pointer-simplify -dce -port-alignment -dce -interface-preproc -data-pack -instcombine -dce -basicaa -aggr-aa -aggrmodref-aa -aggr-aa -gvn -gvn -basicaa -aggr-aa -aggrmodref-aa -aggr-aa -dse -adse -adce -loop-simplify -indvars -instcombine -gvn -loop-simplify -mem2reg -dce -find-region -instcombine -auto-loop-pipeline -inst-simplify -interface-preproc -cfgopt -instcombine -indvars -auto-loop-unroll -loop-simplify -loop-bound -xunroll -constprop -instcombine -simplifycfg -indvars -simplifycfg -dce -globaldce -clean-region -attach-range -gvn -inst-simplify -constprop -simplifycfg -dce -pointer-simplify -dce -globalopt -constprop -dce -array-promote -constprop -dce -ptrArgReplace -mem2reg -simplifycfg -dce -auto-par -instcombine -dce -array-transform-check -array-reshape -instcombine -simplifycfg -dce -ptrArgReplace -deadargelim -mem2reg -instcombine -simplifycfg -dce -indvars -loop-simplify -loop-bound -xunroll -constprop -instcombine -simplifycfg -indvars -simplifycfg -dce -globaldce -basicaa -aggr-aa -aggrmodref-aa -aggr-aa -dse -duplicate-dataflow-processes -globaldce -instcombine -array-partition -instcombine -simplifycfg -dce -ptrArgReplace -global-constprop -deadargelim -mem2reg -func-legal -dce -global-constprop -deadargelim -mem2reg -simplifycfg -dce -merge-param -deadargelim -globalopt -constprop -dce -array-promote -constprop -dce -ptrArgReplace -mem2reg -simplifycfg -dce -mem-intrinsic-preproc -dce -global-internalize -global-privatize -mem2reg -globaldce -promote-global-argument -ptrArgReplace -mem2reg -dce -globalopt -mergereturn -simplify-global-access -mem2reg -dce -pointer-simplify -dce -functionattrs -basicaa -aggr-aa -aggrmodref-aa -aggr-aa -gvn -gvn -basicaa -aggr-aa -aggrmodref-aa -aggr-aa -dse -adse -adce -dce -norm-name -function-inline -complex-op-raise -inst-simplify -globaldce -func-inst -constprop -instcombine -simplifycfg -dce -func-legal -dce -loop-bound -arraycheck -bitwidthmin -on-by-dataflow -loop-delete -instcombine -simplifycfg -globaldce -dce -gvn -deadargelim -dce -loop-simplify -clean-region -simplifycfg -propagate-stable-arguments -loop-stream -instcombine -simplifycfg -dce -globaldce -duplicate-dataflow-processes -stream-intrinsic-preproc -dce -check-ap-stream -loop-simplify -eliminate-keepreads -extract-dataflow-in-loop -loop-simplify -dce -gvn -deadargelim -dse -check-dataflow-syntax -legalize-stream-variable -legalize-global -extract-subproc -dce -dead-channel-elimination -canonicalize-gep -globaldce -dce -gvn -deadargelim -annotate-dataflow-channels -scalar-propagation -deadargelim -globaldce -mem2reg -check-dataflow-channels -function-stream -dce -globaldce -prop-fifo-spec -internal-stream-gen -canonicalize-gep -globaldce -dce -gvn -deadargelim -mergereturn -indvars -loop-simplify -instcombine -array-stream -array-seg-normalize -array-partition -func-legal -instcombine -simplifycfg -dce -bundle-memfifo-ops -deadargelim -function-uniquify -directive-preproc -mem2reg -dse -dce -group-axi-access -licm -simplifycfg -dce -loop-delete -norm-name C:/Users/doria/Desktop/HSCe_Project/project_process/max_array_unroll_pipeline/.autopilot/db/a.o.1.bc -o C:/Users/doria/Desktop/HSCe_Project/project_process/max_array_unroll_pipeline/.autopilot/db/a.o.1.tmp.bc -f 
INFO: [XFORM 203-501] Unrolling loop 'SHIFT' (fir_fixed.cpp:9) in function 'fir_fixed' partially with a factor of 2.
INFO: [XFORM 203-501] Unrolling loop 'MAC' (fir_fixed.cpp:14) in function 'fir_fixed' partially with a factor of 2.
WARNING: [XFORM 203-104] Completely partitioning array 'regs.V'  accessed through non-constant indices on dimension 1 (fir_fixed.cpp:15:13), which may result in long runtime and suboptimal QoR due to large multiplexers. Please consider wrapping the array access into a function or using a register file core instead.
INFO: [XFORM 203-101] Partitioning array 'regs.V'  in dimension 1 completely.
Command         transform done; 1.073 sec.
INFO-FLOW: Presyn 2...
Execute         transform -hls -keep-callgraph -scalarrepl -mem2reg -port-alignment -attach-range -dce -pipe-mux-gen -indvars -loop-bound -inst-simplify -instcombine -dce -merge-array-access -mem2reg -dce -clean-region -mergereturn -if-conv -instcombine -dce -constprop -basicaa -aggr-aa -aggrmodref-aa -aggr-aa -gvn -gvn -basicaa -aggr-aa -aggrmodref-aa -aggr-aa -dse -adse -adce -scalarrepl -mem2reg -global-constprop -deadargelim -deadargelim -instcombine -dce -simplifycfg -ptrArgReplace -mem2reg -function-inline -globaldce -mem2reg -instcombine -dce -expr-balance -instcombine -dce -bitwidthmin -interface-preproc -directive-preproc -inst-rectify -instcombine -dce -functionattrs -constprop -instcombine -bit-constprop -simplify-global-access -globalopt -globaldce -inst-simplify -instcombine -elimdeaddata -dce -loop-delete -simplifycfg -loop-simplify -auto-burst -norm-name C:/Users/doria/Desktop/HSCe_Project/project_process/max_array_unroll_pipeline/.autopilot/db/a.o.1.tmp.bc -o C:/Users/doria/Desktop/HSCe_Project/project_process/max_array_unroll_pipeline/.autopilot/db/a.o.2.bc -f -phase presyn 
INFO: [XFORM 203-603] Inlining function 'aesl_mux_load.100i16P.i7' into 'fir_fixed' (fir_fixed.cpp:12).
Command         transform done; 0.728 sec.
INFO: [HLS 200-111] Finished Pre-synthesis Time (s): cpu = 00:00:05 ; elapsed = 00:00:59 . Memory (MB): peak = 174.957 ; gain = 85.379
INFO-FLOW: Building ssdm...
Execute         transform -hls -function-uniquify -auto-function-inline -globaldce -ptrArgReplace -mem2reg -dce -reset-lda -loop-simplify -indvars -licm -loop-dep -loop-bound -licm -loop-simplify -flattenloopnest -array-flatten -gvn -instcombine -dce -array-map -dce -func-legal -gvn -adce -instcombine -cfgopt -simplifycfg -loop-simplify -array-burst -promote-global-argument -dce -ptrLegalization -axi4-lower -array-seg-normalize -basicaa -aggrmodref-aa -globalsmodref-aa -aggr-aa -gvn -gvn -basicaa -aggrmodref-aa -globalsmodref-aa -aggr-aa -dse -adse -adce -licm -inst-simplify -dce -globaldce -instcombine -array-stream -eliminate-keepreads -instcombine -dce -deadargelim -doublePtrSimplify -doublePtrElim -dce -doublePtrSimplify -promote-dbg-pointer -dce -scalarrepl -mem2reg -disaggr -norm-name -mem2reg -instcombine -dse -adse -adce -ptrLegalization -dce -auto-rom-infer -array-flatten -dce -instcombine -check-doubleptr -loop-rot -constprop -cfgopt -simplifycfg -loop-simplify -indvars -pointer-simplify -dce -loop-bound -loop-simplify -loop-preproc -constprop -global-constprop -gvn -mem2reg -instcombine -dce -loop-bound -loop-merge -dce -bitwidthmin -deadargelim -dce -canonicalize-dataflow -dce -scalar-propagation -deadargelim -globaldce -mem2reg -read-loop-dep -interface-preproc -directive-preproc -interface-gen -bram-byte-enable -deadargelim -inst-simplify -dce -gvn -mem2reg -instcombine -dce -adse -loop-bound -instcombine -cfgopt -simplifycfg -loop-simplify -clean-region -io-protocol -find-region -mem2reg -bitop-raise -complex-op-raise -inst-simplify -inst-rectify -instcombine -adce -deadargelim -loop-simplify -phi-opt -bitop-raise -cfgopt -simplifycfg -strip-dead-prototypes -interface-lower -bitop-lower -intrinsic-lower -auto-function-inline -basicaa -aggrmodref-aa -globalsmodref-aa -aggr-aa -inst-simplify -simplifycfg -loop-simplify -mergereturn -inst-simplify -inst-rectify -dce -load-elim -bitop-lower -loop-rewind -pointer-simplify -dce -cfgopt -dce -loop-bound -loop-dep -read-loop-dep -dce -check-stream -norm-name -legalize -validate-dataflow -inst-clarity -bitwidth -dump-loop-dep-to-ir -check-all-ssdm -cdfg-build C:/Users/doria/Desktop/HSCe_Project/project_process/max_array_unroll_pipeline/.autopilot/db/a.o.2.bc -o C:/Users/doria/Desktop/HSCe_Project/project_process/max_array_unroll_pipeline/.autopilot/db/a.o.3.bc -f -phase build-ssdm 
Command         transform done; 2.189 sec.
INFO: [HLS 200-111] Finished Architecture Synthesis Time (s): cpu = 00:00:07 ; elapsed = 00:01:01 . Memory (MB): peak = 198.090 ; gain = 108.512
INFO-FLOW: Finish building internal data model.
Command       opt_and_import_c done; 5.799 sec.
Command     elaborate done; 55.529 sec.
Execute     autosyn -from_csynth_design=1 
INFO: [HLS 200-10] Starting hardware synthesis ...
INFO-FLOW: Synthesizing C/C++ design ...
INFO: [HLS 200-10] Synthesizing 'fir_fixed' ...
Execute       ap_set_top_model fir_fixed 
Execute       get_model_list fir_fixed -filter all-wo-channel -topdown 
Execute       preproc_iomode -model fir_fixed 
Execute       get_model_list fir_fixed -filter all-wo-channel 
INFO-FLOW: Model list for configure: fir_fixed
INFO-FLOW: Configuring Module : fir_fixed ...
Execute       set_default_model fir_fixed 
Execute       apply_spec_resource_limit fir_fixed 
INFO-FLOW: Model list for preprocess: fir_fixed
INFO-FLOW: Preprocessing Module: fir_fixed ...
Execute       set_default_model fir_fixed 
Execute       cdfg_preprocess -model fir_fixed 
Command       cdfg_preprocess done; 0.315 sec.
Execute       rtl_gen_preprocess fir_fixed 
INFO-FLOW: Model list for synthesis: fir_fixed
INFO: [HLS 200-10] ----------------------------------------------------------------
INFO: [HLS 200-42] -- Implementing module 'fir_fixed' 
INFO: [HLS 200-10] ----------------------------------------------------------------
Execute       set_default_model fir_fixed 
Execute       schedule -model fir_fixed 
INFO: [SCHED 204-11] Starting scheduling ...
INFO: [SCHED 204-61] Pipelining loop 'SHIFT'.
INFO: [SCHED 204-61] Pipelining result : Target II = 2, Final II = 2, Depth = 2.
INFO: [SCHED 204-61] Pipelining loop 'MAC'.
INFO: [SCHED 204-61] Pipelining result : Target II = 2, Final II = 2, Depth = 4.
INFO: [SCHED 204-11] Finished scheduling.
Command       schedule done; 4.287 sec.
INFO: [HLS 200-111]  Elapsed time: 66.363 seconds; current allocated memory: 154.198 MB.
Execute       syn_report -verbosereport -o C:/Users/doria/Desktop/HSCe_Project/project_process/max_array_unroll_pipeline/.autopilot/db/fir_fixed.verbose.sched.rpt 
Command       syn_report done; 0.935 sec.
Execute       db_write -o C:/Users/doria/Desktop/HSCe_Project/project_process/max_array_unroll_pipeline/.autopilot/db/fir_fixed.sched.adb -f 
Command       db_write done; 1.081 sec.
INFO-FLOW: Finish scheduling fir_fixed.
Execute       set_default_model fir_fixed 
Execute       bind -model fir_fixed 
BIND OPTION: model=fir_fixed
INFO: [BIND 205-100] Starting micro-architecture generation ...
INFO: [BIND 205-101] Performing variable lifetime analysis.
INFO: [BIND 205-101] Exploring resource sharing.
INFO: [BIND 205-101] Binding ...
INFO: [BIND 205-100] Finished micro-architecture generation.
Command       bind done; 0.257 sec.
INFO: [HLS 200-111]  Elapsed time: 2.333 seconds; current allocated memory: 157.956 MB.
Execute       syn_report -verbosereport -o C:/Users/doria/Desktop/HSCe_Project/project_process/max_array_unroll_pipeline/.autopilot/db/fir_fixed.verbose.bind.rpt 
Command       syn_report done; 0.746 sec.
Execute       db_write -o C:/Users/doria/Desktop/HSCe_Project/project_process/max_array_unroll_pipeline/.autopilot/db/fir_fixed.bind.adb -f 
Command       db_write done; 1.448 sec.
INFO-FLOW: Finish binding fir_fixed.
Execute       get_model_list fir_fixed -filter all-wo-channel 
INFO-FLOW: Preprocessing for RTLGen ...
Execute       rtl_gen_preprocess fir_fixed 
INFO-FLOW: Model list for RTL generation: fir_fixed
INFO: [HLS 200-10] ----------------------------------------------------------------
INFO: [HLS 200-10] -- Generating RTL for module 'fir_fixed' 
INFO: [HLS 200-10] ----------------------------------------------------------------
Execute       get_config_rtl -module_prefix 
Execute       get_config_rtl -module_auto_prefix 
Execute       create_rtl_model fir_fixed -vendor xilinx -mg_file C:/Users/doria/Desktop/HSCe_Project/project_process/max_array_unroll_pipeline/.autopilot/db/fir_fixed.compgen.tcl 
INFO: [RTGEN 206-500] Setting interface mode on port 'fir_fixed/x_V' to 'ap_none'.
INFO: [RTGEN 206-500] Setting interface mode on port 'fir_fixed/h_V' to 'ap_memory'.
INFO: [RTGEN 206-500] Setting interface mode on port 'fir_fixed/y_V' to 'ap_vld'.
INFO: [RTGEN 206-500] Setting interface mode on function 'fir_fixed' to 'ap_ctrl_hs'.
WARNING: [RTGEN 206-101] Register 'regs_V_98' is power-on initialization.
WARNING: [RTGEN 206-101] Register 'regs_V_99' is power-on initialization.
WARNING: [RTGEN 206-101] Register 'regs_V_1' is power-on initialization.
WARNING: [RTGEN 206-101] Register 'regs_V_3' is power-on initialization.
WARNING: [RTGEN 206-101] Register 'regs_V_5' is power-on initialization.
WARNING: [RTGEN 206-101] Register 'regs_V_7' is power-on initialization.
WARNING: [RTGEN 206-101] Register 'regs_V_9' is power-on initialization.
WARNING: [RTGEN 206-101] Register 'regs_V_11' is power-on initialization.
WARNING: [RTGEN 206-101] Register 'regs_V_13' is power-on initialization.
WARNING: [RTGEN 206-101] Register 'regs_V_15' is power-on initialization.
WARNING: [RTGEN 206-101] Register 'regs_V_17' is power-on initialization.
WARNING: [RTGEN 206-101] Register 'regs_V_19' is power-on initialization.
WARNING: [RTGEN 206-101] Register 'regs_V_21' is power-on initialization.
WARNING: [RTGEN 206-101] Register 'regs_V_23' is power-on initialization.
WARNING: [RTGEN 206-101] Register 'regs_V_25' is power-on initialization.
WARNING: [RTGEN 206-101] Register 'regs_V_27' is power-on initialization.
WARNING: [RTGEN 206-101] Register 'regs_V_29' is power-on initialization.
WARNING: [RTGEN 206-101] Register 'regs_V_31' is power-on initialization.
WARNING: [RTGEN 206-101] Register 'regs_V_33' is power-on initialization.
WARNING: [RTGEN 206-101] Register 'regs_V_35' is power-on initialization.
WARNING: [RTGEN 206-101] Register 'regs_V_37' is power-on initialization.
WARNING: [RTGEN 206-101] Register 'regs_V_39' is power-on initialization.
WARNING: [RTGEN 206-101] Register 'regs_V_41' is power-on initialization.
WARNING: [RTGEN 206-101] Register 'regs_V_43' is power-on initialization.
WARNING: [RTGEN 206-101] Register 'regs_V_45' is power-on initialization.
WARNING: [RTGEN 206-101] Register 'regs_V_47' is power-on initialization.
WARNING: [RTGEN 206-101] Register 'regs_V_49' is power-on initialization.
WARNING: [RTGEN 206-101] Register 'regs_V_51' is power-on initialization.
WARNING: [RTGEN 206-101] Register 'regs_V_53' is power-on initialization.
WARNING: [RTGEN 206-101] Register 'regs_V_55' is power-on initialization.
WARNING: [RTGEN 206-101] Register 'regs_V_57' is power-on initialization.
WARNING: [RTGEN 206-101] Register 'regs_V_59' is power-on initialization.
WARNING: [RTGEN 206-101] Register 'regs_V_61' is power-on initialization.
WARNING: [RTGEN 206-101] Register 'regs_V_63' is power-on initialization.
WARNING: [RTGEN 206-101] Register 'regs_V_65' is power-on initialization.
WARNING: [RTGEN 206-101] Register 'regs_V_67' is power-on initialization.
WARNING: [RTGEN 206-101] Register 'regs_V_69' is power-on initialization.
WARNING: [RTGEN 206-101] Register 'regs_V_71' is power-on initialization.
WARNING: [RTGEN 206-101] Register 'regs_V_73' is power-on initialization.
WARNING: [RTGEN 206-101] Register 'regs_V_75' is power-on initialization.
WARNING: [RTGEN 206-101] Register 'regs_V_77' is power-on initialization.
WARNING: [RTGEN 206-101] Register 'regs_V_79' is power-on initialization.
WARNING: [RTGEN 206-101] Register 'regs_V_81' is power-on initialization.
WARNING: [RTGEN 206-101] Register 'regs_V_83' is power-on initialization.
WARNING: [RTGEN 206-101] Register 'regs_V_85' is power-on initialization.
WARNING: [RTGEN 206-101] Register 'regs_V_87' is power-on initialization.
WARNING: [RTGEN 206-101] Register 'regs_V_89' is power-on initialization.
WARNING: [RTGEN 206-101] Register 'regs_V_91' is power-on initialization.
WARNING: [RTGEN 206-101] Register 'regs_V_93' is power-on initialization.
WARNING: [RTGEN 206-101] Register 'regs_V_95' is power-on initialization.
WARNING: [RTGEN 206-101] Register 'regs_V_97' is power-on initialization.
WARNING: [RTGEN 206-101] Register 'regs_V_0' is power-on initialization.
WARNING: [RTGEN 206-101] Register 'regs_V_2' is power-on initialization.
WARNING: [RTGEN 206-101] Register 'regs_V_4' is power-on initialization.
WARNING: [RTGEN 206-101] Register 'regs_V_6' is power-on initialization.
WARNING: [RTGEN 206-101] Register 'regs_V_8' is power-on initialization.
WARNING: [RTGEN 206-101] Register 'regs_V_10' is power-on initialization.
WARNING: [RTGEN 206-101] Register 'regs_V_12' is power-on initialization.
WARNING: [RTGEN 206-101] Register 'regs_V_14' is power-on initialization.
WARNING: [RTGEN 206-101] Register 'regs_V_16' is power-on initialization.
WARNING: [RTGEN 206-101] Register 'regs_V_18' is power-on initialization.
WARNING: [RTGEN 206-101] Register 'regs_V_20' is power-on initialization.
WARNING: [RTGEN 206-101] Register 'regs_V_22' is power-on initialization.
WARNING: [RTGEN 206-101] Register 'regs_V_24' is power-on initialization.
WARNING: [RTGEN 206-101] Register 'regs_V_26' is power-on initialization.
WARNING: [RTGEN 206-101] Register 'regs_V_28' is power-on initialization.
WARNING: [RTGEN 206-101] Register 'regs_V_30' is power-on initialization.
WARNING: [RTGEN 206-101] Register 'regs_V_32' is power-on initialization.
WARNING: [RTGEN 206-101] Register 'regs_V_34' is power-on initialization.
WARNING: [RTGEN 206-101] Register 'regs_V_36' is power-on initialization.
WARNING: [RTGEN 206-101] Register 'regs_V_38' is power-on initialization.
WARNING: [RTGEN 206-101] Register 'regs_V_40' is power-on initialization.
WARNING: [RTGEN 206-101] Register 'regs_V_42' is power-on initialization.
WARNING: [RTGEN 206-101] Register 'regs_V_44' is power-on initialization.
WARNING: [RTGEN 206-101] Register 'regs_V_46' is power-on initialization.
WARNING: [RTGEN 206-101] Register 'regs_V_48' is power-on initialization.
WARNING: [RTGEN 206-101] Register 'regs_V_50' is power-on initialization.
WARNING: [RTGEN 206-101] Register 'regs_V_52' is power-on initialization.
WARNING: [RTGEN 206-101] Register 'regs_V_54' is power-on initialization.
WARNING: [RTGEN 206-101] Register 'regs_V_56' is power-on initialization.
WARNING: [RTGEN 206-101] Register 'regs_V_58' is power-on initialization.
WARNING: [RTGEN 206-101] Register 'regs_V_60' is power-on initialization.
WARNING: [RTGEN 206-101] Register 'regs_V_62' is power-on initialization.
WARNING: [RTGEN 206-101] Register 'regs_V_64' is power-on initialization.
WARNING: [RTGEN 206-101] Register 'regs_V_66' is power-on initialization.
WARNING: [RTGEN 206-101] Register 'regs_V_68' is power-on initialization.
WARNING: [RTGEN 206-101] Register 'regs_V_70' is power-on initialization.
WARNING: [RTGEN 206-101] Register 'regs_V_72' is power-on initialization.
WARNING: [RTGEN 206-101] Register 'regs_V_74' is power-on initialization.
WARNING: [RTGEN 206-101] Register 'regs_V_76' is power-on initialization.
WARNING: [RTGEN 206-101] Register 'regs_V_78' is power-on initialization.
WARNING: [RTGEN 206-101] Register 'regs_V_80' is power-on initialization.
WARNING: [RTGEN 206-101] Register 'regs_V_82' is power-on initialization.
WARNING: [RTGEN 206-101] Register 'regs_V_84' is power-on initialization.
WARNING: [RTGEN 206-101] Register 'regs_V_86' is power-on initialization.
WARNING: [RTGEN 206-101] Register 'regs_V_88' is power-on initialization.
WARNING: [RTGEN 206-101] Register 'regs_V_90' is power-on initialization.
WARNING: [RTGEN 206-101] Register 'regs_V_92' is power-on initialization.
WARNING: [RTGEN 206-101] Register 'regs_V_94' is power-on initialization.
WARNING: [RTGEN 206-101] Register 'regs_V_96' is power-on initialization.
INFO: [SYN 201-210] Renamed object name 'fir_fixed_mux_1287_16_1_1' to 'fir_fixed_mux_128bkb' due to the length limit 20
INFO: [SYN 201-210] Renamed object name 'fir_fixed_mac_muladd_16s_16s_32ns_32_1_1' to 'fir_fixed_mac_mulcud' due to the length limit 20
INFO: [RTGEN 206-100] Generating core module 'fir_fixed_mac_mulcud': 2 instance(s).
INFO: [RTGEN 206-100] Generating core module 'fir_fixed_mux_128bkb': 1 instance(s).
INFO: [RTGEN 206-100] Finished creating RTL model for 'fir_fixed'.
Command       create_rtl_model done; 3.645 sec.
INFO: [HLS 200-111]  Elapsed time: 5.988 seconds; current allocated memory: 161.928 MB.
Execute       source C:/Users/doria/Desktop/HSCe_Project/project_process/max_array_unroll_pipeline/.autopilot/db/fir_fixed.rtl_wrap.cfg.tcl 
Execute       gen_rtl fir_fixed -istop -style xilinx -tracefl mytrace -tracefmt vcd -traceopt all -f -lang sc -o C:/Users/doria/Desktop/HSCe_Project/project_process/max_array_unroll_pipeline/syn/systemc/fir_fixed -synmodules fir_fixed 
Command       gen_rtl done; 0.171 sec.
Execute       gen_rtl fir_fixed -istop -style xilinx -f -lang vhdl -o C:/Users/doria/Desktop/HSCe_Project/project_process/max_array_unroll_pipeline/syn/vhdl/fir_fixed 
Command       gen_rtl done; 0.356 sec.
Execute       gen_rtl fir_fixed -istop -style xilinx -f -lang vlog -o C:/Users/doria/Desktop/HSCe_Project/project_process/max_array_unroll_pipeline/syn/verilog/fir_fixed 
Command       gen_rtl done; 0.249 sec.
Execute       syn_report -csynth -model fir_fixed -o C:/Users/doria/Desktop/HSCe_Project/project_process/max_array_unroll_pipeline/syn/report/fir_fixed_csynth.rpt 
Command       syn_report done; 0.176 sec.
Execute       syn_report -rtlxml -model fir_fixed -o C:/Users/doria/Desktop/HSCe_Project/project_process/max_array_unroll_pipeline/syn/report/fir_fixed_csynth.xml 
Command       syn_report done; 0.188 sec.
Execute       syn_report -verbosereport -model fir_fixed -o C:/Users/doria/Desktop/HSCe_Project/project_process/max_array_unroll_pipeline/.autopilot/db/fir_fixed.verbose.rpt 
Command       syn_report done; 1.202 sec.
Execute       db_write -model fir_fixed -f -o C:/Users/doria/Desktop/HSCe_Project/project_process/max_array_unroll_pipeline/.autopilot/db/fir_fixed.adb 
Command       db_write done; 1.815 sec.
Execute       gen_tb_info fir_fixed -p C:/Users/doria/Desktop/HSCe_Project/project_process/max_array_unroll_pipeline/.autopilot/db -o C:/Users/doria/Desktop/HSCe_Project/project_process/max_array_unroll_pipeline/.autopilot/db/fir_fixed 
Execute       export_constraint_db -f -tool general -o C:/Users/doria/Desktop/HSCe_Project/project_process/max_array_unroll_pipeline/.autopilot/db/fir_fixed.constraint.tcl 
Execute       syn_report -designview -model fir_fixed -o C:/Users/doria/Desktop/HSCe_Project/project_process/max_array_unroll_pipeline/.autopilot/db/fir_fixed.design.xml 
Command       syn_report done; 0.309 sec.
Execute       get_config_rtl -disable_wave_debug 
Execute       syn_report -wcfg -model fir_fixed -o C:/Users/doria/Desktop/HSCe_Project/project_process/max_array_unroll_pipeline/.autopilot/db/fir_fixed_dataflow_ana.wcfg 
Execute       syn_report -protoinst -model fir_fixed -o C:/Users/doria/Desktop/HSCe_Project/project_process/max_array_unroll_pipeline/.autopilot/db/fir_fixed.protoinst 
Execute       get_config_debug -directory 
Execute       sc_get_clocks fir_fixed 
Execute       get_config_export -vivado_clock 
Execute       sc_get_portdomain fir_fixed 
INFO-FLOW: Model list for RTL component generation: fir_fixed
INFO-FLOW: Handling components in module [fir_fixed] ... 
Execute       source C:/Users/doria/Desktop/HSCe_Project/project_process/max_array_unroll_pipeline/.autopilot/db/fir_fixed.compgen.tcl 
INFO-FLOW: Found component fir_fixed_mux_128bkb.
INFO-FLOW: Append model fir_fixed_mux_128bkb
INFO-FLOW: Found component fir_fixed_mac_mulcud.
INFO-FLOW: Append model fir_fixed_mac_mulcud
INFO-FLOW: Append model fir_fixed
INFO-FLOW: Generating RTL model list ...
INFO-FLOW: All models in this session: fir_fixed_mux_128bkb fir_fixed_mac_mulcud fir_fixed
INFO-FLOW: To file: write model fir_fixed_mux_128bkb
INFO-FLOW: To file: write model fir_fixed_mac_mulcud
INFO-FLOW: To file: write model fir_fixed
INFO-FLOW: Finished generating RTL model list.


INFO-FLOW: RTL Generation done.
INFO-FLOW: CAS Generation done.
INFO-FLOW: CBC Generation done.
INFO-FLOW: DBG:CMD: auto_generate_csynth_design
INFO-FLOW: DBG:CMD:     auto_generate --sim-model -phase csynth_design -d C:/Users/doria/Desktop/HSCe_Project/project_process/max_array_unroll_pipeline
Execute       source C:/Users/doria/Desktop/HSCe_Project/project_process/max_array_unroll_pipeline/.autopilot/db/global.setting.tcl 
INFO-FLOW: DBG:CMD: read_platform_lib C:/Users/doria/Desktop/HSCe_Project/project_process/max_array_unroll_pipeline/.autopilot/db/global.setting.tcl
Execute       source C:/Xilinx/Vivado/2019.1/common/technology/generic/autopilot/common.gen 
Execute         source C:/Xilinx/Vivado/2019.1/common/technology/generic/autopilot/APCoreGen.gen 
Execute       source C:/Xilinx/Vivado/2019.1/common/technology/generic/autopilot/op.gen 
Execute       source C:/Xilinx/Vivado/2019.1/common/technology/generic/autopilot/op_simcore.gen 
Execute       source C:/Xilinx/Vivado/2019.1/common/technology/generic/autopilot/interface.gen 
Execute       source C:/Users/doria/Desktop/HSCe_Project/project_process/max_array_unroll_pipeline/.autopilot/db/global.setting.tcl 
Execute       source C:/Xilinx/Vivado/2019.1/common/technology/xilinx/zynq/zynq.gen 
Execute         source C:/Xilinx/Vivado/2019.1/common/technology/xilinx/common/xilinx.gen 
Execute           source C:/Xilinx/Vivado/2019.1/common/technology/xilinx/interface/plb46.gen 
Execute           source C:/Xilinx/Vivado/2019.1/common/technology/xilinx/interface/fsl.gen 
Execute           source C:/Xilinx/Vivado/2019.1/common/technology/xilinx/interface/axi4.gen 
Execute           source C:/Xilinx/Vivado/2019.1/common/technology/xilinx/interface/nativeAXI4.gen 
Execute             source C:/Xilinx/Vivado/2019.1/common/technology/xilinx/interface/saxilite.gen 
Execute             source C:/Xilinx/Vivado/2019.1/common/technology/xilinx/interface/maxi.gen 
Execute           source C:/Xilinx/Vivado/2019.1/common/technology/xilinx/scripts/xilinxcoregen.gen 
Execute           source C:/Xilinx/Vivado/2019.1/common/technology/xilinx/interface/XilEDKCoreGen.gen 
Execute           source C:/Xilinx/Vivado/2019.1/common/technology/xilinx/ip/dds_compiler.gen 
Execute           source C:/Xilinx/Vivado/2019.1/common/technology/xilinx/ip/util.gen 
Execute           source C:/Xilinx/Vivado/2019.1/common/technology/xilinx/ip/xfft.gen 
Command           ap_source done; 0.182 sec.
Execute           source C:/Xilinx/Vivado/2019.1/common/technology/xilinx/ip/xfir.gen 
Execute           source C:/Xilinx/Vivado/2019.1/common/technology/xilinx/common/dsp48.gen 
Command         ap_source done; 0.391 sec.
Command       ap_source done; 0.392 sec.
Execute       source C:/Xilinx/Vivado/2019.1/common/technology/xilinx/zynq/zynq_fpv6.gen 
Execute         source C:/Xilinx/Vivado/2019.1/common/technology/xilinx/common/xilinx_fp.gen 
INFO-FLOW: DBG:CMD:   using AESL_AUTOCG::g_clock_period=10.000 (was NA)
INFO-FLOW: DBG:CMD:       generate_ip_cores sim=1 export=0 expOnly=0 dstVlogDir=syn/verilog
Execute       source C:/Users/doria/Desktop/HSCe_Project/project_process/max_array_unroll_pipeline/.autopilot/db/global.setting.tcl 
Execute       ap_part_info -name xc7z007s-clg225-1 -data names -quiet 
Execute       ap_part_info -name xc7z007s-clg225-1 -data info -quiet 
Execute       source C:/Users/doria/Desktop/HSCe_Project/project_process/max_array_unroll_pipeline/.autopilot/db/global.setting.tcl 
Execute       source C:/Users/doria/Desktop/HSCe_Project/project_process/max_array_unroll_pipeline/.autopilot/db/global.setting.tcl 
Execute       source C:/Users/doria/Desktop/HSCe_Project/project_process/max_array_unroll_pipeline/.autopilot/db/fir_fixed.compgen.tcl 
Execute         ap_part_info -name xc7z007s-clg225-1 -data names -quiet 
Execute         ap_part_info -name xc7z007s-clg225-1 -data info -quiet 
Execute         ap_part_info -name xc7z007s-clg225-1 -data names -quiet 
Execute         ap_part_info -name xc7z007s-clg225-1 -data info -quiet 
Execute         ap_part_info -name xc7z007s-clg225-1 -data info 
Command       ap_source done; 0.274 sec.
INFO-FLOW: DBG:CMD:     auto_generate -export -impltomg_flag -rtl both -tool Vivado -pcore_version 1.00.a -phase csynth_design -d C:/Users/doria/Desktop/HSCe_Project/project_process/max_array_unroll_pipeline
Execute       source C:/Users/doria/Desktop/HSCe_Project/project_process/max_array_unroll_pipeline/.autopilot/db/global.setting.tcl 
INFO-FLOW: DBG:CMD: read_platform_lib C:/Users/doria/Desktop/HSCe_Project/project_process/max_array_unroll_pipeline/.autopilot/db/global.setting.tcl
Execute       source C:/Xilinx/Vivado/2019.1/common/technology/generic/autopilot/common.gen 
Execute         source C:/Xilinx/Vivado/2019.1/common/technology/generic/autopilot/APCoreGen.gen 
Execute       source C:/Xilinx/Vivado/2019.1/common/technology/generic/autopilot/op.gen 
Execute       source C:/Xilinx/Vivado/2019.1/common/technology/generic/autopilot/op_simcore.gen 
Execute       source C:/Xilinx/Vivado/2019.1/common/technology/generic/autopilot/interface.gen 
Execute       source C:/Users/doria/Desktop/HSCe_Project/project_process/max_array_unroll_pipeline/.autopilot/db/global.setting.tcl 
Execute       source C:/Xilinx/Vivado/2019.1/common/technology/xilinx/zynq/zynq.gen 
Execute         source C:/Xilinx/Vivado/2019.1/common/technology/xilinx/common/xilinx.gen 
Execute           source C:/Xilinx/Vivado/2019.1/common/technology/xilinx/interface/plb46.gen 
Execute           source C:/Xilinx/Vivado/2019.1/common/technology/xilinx/interface/fsl.gen 
Execute           source C:/Xilinx/Vivado/2019.1/common/technology/xilinx/interface/axi4.gen 
Execute           source C:/Xilinx/Vivado/2019.1/common/technology/xilinx/interface/nativeAXI4.gen 
Execute             source C:/Xilinx/Vivado/2019.1/common/technology/xilinx/interface/saxilite.gen 
Execute             source C:/Xilinx/Vivado/2019.1/common/technology/xilinx/interface/maxi.gen 
Execute           source C:/Xilinx/Vivado/2019.1/common/technology/xilinx/scripts/xilinxcoregen.gen 
Execute           source C:/Xilinx/Vivado/2019.1/common/technology/xilinx/interface/XilEDKCoreGen.gen 
Execute           source C:/Xilinx/Vivado/2019.1/common/technology/xilinx/ip/dds_compiler.gen 
Execute           source C:/Xilinx/Vivado/2019.1/common/technology/xilinx/ip/util.gen 
Execute           source C:/Xilinx/Vivado/2019.1/common/technology/xilinx/ip/xfft.gen 
Command           ap_source done; 0.169 sec.
Execute           source C:/Xilinx/Vivado/2019.1/common/technology/xilinx/ip/xfir.gen 
Execute           source C:/Xilinx/Vivado/2019.1/common/technology/xilinx/common/dsp48.gen 
Command         ap_source done; 0.351 sec.
Command       ap_source done; 0.352 sec.
Execute       source C:/Xilinx/Vivado/2019.1/common/technology/xilinx/zynq/zynq_fpv6.gen 
Execute         source C:/Xilinx/Vivado/2019.1/common/technology/xilinx/common/xilinx_fp.gen 
INFO-FLOW: DBG:CMD:       initCTypeInfo top_module=fir_fixed xml_exists=0
Execute       source C:/Users/doria/Desktop/HSCe_Project/project_process/max_array_unroll_pipeline/.autopilot/db/fir_fixed.rtl_wrap.cfg.tcl 
Execute       source C:/Users/doria/Desktop/HSCe_Project/project_process/max_array_unroll_pipeline/.autopilot/db/fir_fixed.rtl_wrap.cfg.tcl 
Execute       source C:/Users/doria/Desktop/HSCe_Project/project_process/max_array_unroll_pipeline/.autopilot/db/fir_fixed.rtl_wrap.cfg.tcl 
Execute       source C:/Users/doria/Desktop/HSCe_Project/project_process/max_array_unroll_pipeline/.autopilot/db/fir_fixed.tbgen.tcl 
Execute       source C:/Users/doria/Desktop/HSCe_Project/project_process/max_array_unroll_pipeline/.autopilot/db/fir_fixed.tbgen.tcl 
INFO-FLOW: DBG:CMD:       export_impl_rtl
INFO-FLOW: DBG:CMD:       generate_ip_cores sim=0 export=0 expOnly=0 dstVlogDir=impl/.verilog
Execute       source C:/Users/doria/Desktop/HSCe_Project/project_process/max_array_unroll_pipeline/.autopilot/db/global.setting.tcl 
Execute       source C:/Users/doria/Desktop/HSCe_Project/project_process/max_array_unroll_pipeline/.autopilot/db/fir_fixed.compgen.tcl 
INFO-FLOW: DBG:CMD:       generate_ip_cores sim=0 export=1 expOnly=1 dstVlogDir=impl/.pcores/verilog
Execute       source C:/Users/doria/Desktop/HSCe_Project/project_process/max_array_unroll_pipeline/.autopilot/db/global.setting.tcl 
Execute       source C:/Users/doria/Desktop/HSCe_Project/project_process/max_array_unroll_pipeline/.autopilot/db/fir_fixed.compgen.tcl 
Execute         ap_part_info -name xc7z007s-clg225-1 -data names -quiet 
Execute         ap_part_info -name xc7z007s-clg225-1 -data info -quiet 
Execute         ap_part_info -name xc7z007s-clg225-1 -data names -quiet 
Execute         ap_part_info -name xc7z007s-clg225-1 -data info -quiet 
Execute         source C:/Users/doria/Desktop/HSCe_Project/project_process/max_array_unroll_pipeline/.autopilot/db/fir_fixed.tbgen.tcl 
Execute         ap_part_info -name xc7z007s-clg225-1 -data names -quiet 
Execute         ap_part_info -name xc7z007s-clg225-1 -data info -quiet 
Execute         ap_part_info -name xc7z007s-clg225-1 -data names -quiet 
Execute         ap_part_info -name xc7z007s-clg225-1 -data info -quiet 
Execute         ap_part_info -name xc7z007s-clg225-1 -data names -quiet 
Execute         ap_part_info -name xc7z007s-clg225-1 -data info -quiet 
Execute         ap_part_info -name xc7z007s-clg225-1 -data names -quiet 
Execute         ap_part_info -name xc7z007s-clg225-1 -data info -quiet 
Execute         ap_part_info -name xc7z007s-clg225-1 -data names -quiet 
Execute         ap_part_info -name xc7z007s-clg225-1 -data info -quiet 
Execute         ap_part_info -name xc7z007s-clg225-1 -data names -quiet 
Execute         ap_part_info -name xc7z007s-clg225-1 -data info -quiet 
Execute         ap_part_info -name xc7z007s-clg225-1 -data names -quiet 
Execute         ap_part_info -name xc7z007s-clg225-1 -data info -quiet 
Command       ap_source done; 0.27 sec.
Execute       ap_part_info -name xc7z007s-clg225-1 -data names -quiet 
Execute       ap_part_info -name xc7z007s-clg225-1 -data info -quiet 
INFO-FLOW: DBG:CMD:       generate_ip_cores sim=0 export=0 expOnly=0 dstVlogDir=impl/.pcores/verilog_sim
Execute       source C:/Users/doria/Desktop/HSCe_Project/project_process/max_array_unroll_pipeline/.autopilot/db/global.setting.tcl 
Execute       source C:/Users/doria/Desktop/HSCe_Project/project_process/max_array_unroll_pipeline/.autopilot/db/fir_fixed.compgen.tcl 
Execute       ap_part_info -name xc7z007s-clg225-1 -data names -quiet 
Execute       ap_part_info -name xc7z007s-clg225-1 -data info -quiet 
Execute       ap_part_info -name xc7z007s-clg225-1 -data names -quiet 
Execute       ap_part_info -name xc7z007s-clg225-1 -data info -quiet 
Execute       source C:/Users/doria/Desktop/HSCe_Project/project_process/max_array_unroll_pipeline/.autopilot/db/global.setting.tcl 
Execute       ap_part_info -name xc7z007s-clg225-1 -data names -quiet 
Execute       ap_part_info -name xc7z007s-clg225-1 -data info -quiet 
Execute       source C:/Users/doria/Desktop/HSCe_Project/project_process/max_array_unroll_pipeline/.autopilot/db/fir_fixed.constraint.tcl 
Execute       source C:/Users/doria/Desktop/HSCe_Project/project_process/max_array_unroll_pipeline/.autopilot/db/fir_fixed.tbgen.tcl 
INFO-FLOW: DBG:CMD:       hasPcoreIpAdapter=false #gSsdmPorts=8
INFO-FLOW: DBG:CMD: Skipping loadAnalyze_DB, #g_database=3
INFO-FLOW: DBG:CMD:       generate_json is_phase_csynth=1 g_has_adaptors=false generate_bd_files=0 #modelList=3 #gSsdmPorts=8
Execute       source C:/Xilinx/Vivado/2019.1/tps/tcl/tcllib1.11.1/fileutil/fileutil.tcl 
Execute       source C:/Users/doria/Desktop/HSCe_Project/project_process/max_array_unroll_pipeline/.autopilot/db/global.setting.tcl 
Execute       source C:/Users/doria/Desktop/HSCe_Project/project_process/max_array_unroll_pipeline/.autopilot/db/global.setting.tcl 
Execute       get_config_export -xo 
Execute       source C:/Users/doria/Desktop/HSCe_Project/project_process/max_array_unroll_pipeline/.autopilot/db/fir_fixed.tbgen.tcl 
Execute       source C:/Users/doria/Desktop/HSCe_Project/project_process/max_array_unroll_pipeline/.autopilot/db/fir_fixed.tbgen.tcl 
Execute       source C:/Users/doria/Desktop/HSCe_Project/project_process/max_array_unroll_pipeline/.autopilot/db/fir_fixed.tbgen.tcl 
Execute       source C:/Users/doria/Desktop/HSCe_Project/project_process/max_array_unroll_pipeline/.autopilot/db/global.setting.tcl 
Execute       get_config_sdx -target 
Execute       source C:/Users/doria/Desktop/HSCe_Project/project_process/max_array_unroll_pipeline/.autopilot/db/fir_fixed.rtl_wrap.cfg.tcl 
Execute       source C:/Users/doria/Desktop/HSCe_Project/project_process/max_array_unroll_pipeline/.autopilot/db/fir_fixed.compgen.dataonly.tcl 
Execute       source C:/Users/doria/Desktop/HSCe_Project/project_process/max_array_unroll_pipeline/.autopilot/db/global.setting.tcl 
Execute       ap_part_info -name xc7z007s-clg225-1 -data names -quiet 
Execute       ap_part_info -name xc7z007s-clg225-1 -data info -quiet 
Execute       source C:/Users/doria/Desktop/HSCe_Project/project_process/max_array_unroll_pipeline/.autopilot/db/fir_fixed.constraint.tcl 
Execute       sc_get_clocks fir_fixed 
Execute       ap_part_info -name xc7z007s-clg225-1 -data names -quiet 
Execute       ap_part_info -name xc7z007s-clg225-1 -data info -quiet 
Execute       source C:/Users/doria/Desktop/HSCe_Project/project_process/max_array_unroll_pipeline/.autopilot/db/global.setting.tcl 
Execute       get_config_debug -directory 
Execute       source C:/Users/doria/Desktop/HSCe_Project/project_process/max_array_unroll_pipeline/.autopilot/db/fir_fixed.tbgen.tcl 
Execute       get_config_sdx -target 
Execute       get_config_sdx -profile 
Execute       get_config_rtl -kernel_profile 
Execute       get_config_rtl -stall_sig_gen 
Execute       get_config_rtl -profile 
INFO-FLOW: DBG:CMD: add_json_sdx_info kernel file does not exist, skipping opencl info: C:/Users/doria/Desktop/HSCe_Project/project_process/max_array_unroll_pipeline/.autopilot/db/kernel.internal.xml
INFO-FLOW: DBG:CMD:       delete-temp-dirs (skipped for debug)
INFO: [HLS 200-111] Finished generating all RTL models Time (s): cpu = 00:00:22 ; elapsed = 00:01:25 . Memory (MB): peak = 243.707 ; gain = 154.129
INFO: [VHDL 208-304] Generating VHDL RTL for fir_fixed.
INFO: [VLOG 209-307] Generating Verilog RTL for fir_fixed.
Command     autosyn done; 24.095 sec.
Command   csynth_design done; 79.65 sec.
Command ap_source done; 82.94 sec.
Execute cleanup_all 
