

================================================================
== Vivado HLS Report for 'fir_fixed'
================================================================
* Date:           Tue Dec 31 19:49:37 2019

* Version:        2019.1 (Build 2552052 on Fri May 24 15:28:33 MDT 2019)
* Project:        project_process
* Solution:       pipeline
* Product family: zynq
* Target device:  xc7z007s-clg225-1


================================================================
== Performance Estimates
================================================================
+ Timing (ns): 
    * Summary: 
    +--------+-------+----------+------------+
    |  Clock | Target| Estimated| Uncertainty|
    +--------+-------+----------+------------+
    |ap_clk  |  10.00|     6.508|        1.25|
    +--------+-------+----------+------------+

+ Latency (clock cycles): 
    * Summary: 
    +-----+-----+-----+-----+---------+
    |  Latency  |  Interval | Pipeline|
    | min | max | min | max |   Type  |
    +-----+-----+-----+-----+---------+
    |  404|  404|  404|  404|   none  |
    +-----+-----+-----+-----+---------+

    + Detail: 
        * Instance: 
        N/A

        * Loop: 
        +----------+-----+-----+----------+-----------+-----------+------+----------+
        |          |  Latency  | Iteration|  Initiation Interval  | Trip |          |
        | Loop Name| min | max |  Latency |  achieved |   target  | Count| Pipelined|
        +----------+-----+-----+----------+-----------+-----------+------+----------+
        |- SHIFT   |  200|  200|         2|          2|          2|   100|    yes   |
        |- MAC     |  200|  200|         3|          2|          2|   100|    yes   |
        +----------+-----+-----+----------+-----------+-----------+------+----------+



================================================================
== Utilization Estimates
================================================================
* Summary: 
+-----------------+---------+-------+-------+-------+-----+
|       Name      | BRAM_18K| DSP48E|   FF  |  LUT  | URAM|
+-----------------+---------+-------+-------+-------+-----+
|DSP              |        -|      1|      -|      -|    -|
|Expression       |        -|      -|      0|     54|    -|
|FIFO             |        -|      -|      -|      -|    -|
|Instance         |        -|      -|      -|      -|    -|
|Memory           |        1|      -|      0|      0|    0|
|Multiplexer      |        -|      -|      -|    143|    -|
|Register         |        -|      -|    100|      -|    -|
+-----------------+---------+-------+-------+-------+-----+
|Total            |        1|      1|    100|    197|    0|
+-----------------+---------+-------+-------+-------+-----+
|Available        |      100|     66|  28800|  14400|    0|
+-----------------+---------+-------+-------+-------+-----+
|Utilization (%)  |        1|      1|   ~0  |      1|    0|
+-----------------+---------+-------+-------+-------+-----+

+ Detail: 
    * Instance: 
    N/A

    * DSP48E: 
    +-------------------------+----------------------+--------------+
    |         Instance        |        Module        |  Expression  |
    +-------------------------+----------------------+--------------+
    |fir_fixed_mac_mulbkb_U1  |fir_fixed_mac_mulbkb  | i0 * i1 + i2 |
    +-------------------------+----------------------+--------------+

    * Memory: 
    +----------+------------------+---------+---+----+-----+------+-----+------+-------------+
    |  Memory  |      Module      | BRAM_18K| FF| LUT| URAM| Words| Bits| Banks| W*Bits*Banks|
    +----------+------------------+---------+---+----+-----+------+-----+------+-------------+
    |regs_V_U  |fir_fixed_regs_V  |        1|  0|   0|    0|   100|   16|     1|         1600|
    +----------+------------------+---------+---+----+-----+------+-----+------+-------------+
    |Total     |                  |        1|  0|   0|    0|   100|   16|     1|         1600|
    +----------+------------------+---------+---+----+-----+------+-----+------+-------------+

    * FIFO: 
    N/A

    * Expression: 
    +---------------------+----------+-------+---+----+------------+------------+
    |    Variable Name    | Operation| DSP48E| FF| LUT| Bitwidth P0| Bitwidth P1|
    +---------------------+----------+-------+---+----+------------+------------+
    |grp_fu_167_p2        |     +    |      0|  0|  15|           8|           2|
    |i_1_fu_204_p2        |     +    |      0|  0|  15|           7|           1|
    |icmp_ln14_fu_198_p2  |   icmp   |      0|  0|  11|           7|           6|
    |icmp_ln9_fu_182_p2   |   icmp   |      0|  0|  11|           8|           1|
    |ap_enable_pp1        |    xor   |      0|  0|   2|           1|           2|
    +---------------------+----------+-------+---+----+------------+------------+
    |Total                |          |      0|  0|  54|          31|          12|
    +---------------------+----------+-------+---+----+------------+------------+

    * Multiplexer: 
    +-------------------------------+----+-----------+-----+-----------+
    |              Name             | LUT| Input Size| Bits| Total Bits|
    +-------------------------------+----+-----------+-----+-----------+
    |ap_NS_fsm                      |  41|          8|    1|          8|
    |ap_enable_reg_pp1_iter1        |   9|          2|    1|          2|
    |ap_phi_mux_i1_0_phi_fu_160_p4  |   9|          2|    7|         14|
    |grp_fu_167_p0                  |  15|          3|    8|         24|
    |i1_0_reg_156                   |   9|          2|    7|         14|
    |i_0_reg_131                    |   9|          2|    8|         16|
    |p_Val2_s_reg_143               |   9|          2|   17|         34|
    |regs_V_address0                |  27|          5|    7|         35|
    |regs_V_d0                      |  15|          3|   16|         48|
    +-------------------------------+----+-----------+-----+-----------+
    |Total                          | 143|         29|   72|        195|
    +-------------------------------+----+-----------+-----+-----------+

    * Register: 
    +-------------------------+----+----+-----+-----------+
    |           Name          | FF | LUT| Bits| Const Bits|
    +-------------------------+----+----+-----+-----------+
    |ap_CS_fsm                |   7|   0|    7|          0|
    |ap_enable_reg_pp1_iter0  |   1|   0|    1|          0|
    |ap_enable_reg_pp1_iter1  |   1|   0|    1|          0|
    |h_V_load_reg_289         |  16|   0|   16|          0|
    |i1_0_reg_156             |   7|   0|    7|          0|
    |i_0_reg_131              |   8|   0|    8|          0|
    |i_1_reg_274              |   7|   0|    7|          0|
    |icmp_ln14_reg_270        |   1|   0|    1|          0|
    |icmp_ln9_reg_256         |   1|   0|    1|          0|
    |lhs_V_reg_299            |  17|   0|   32|         15|
    |p_Val2_s_reg_143         |  17|   0|   17|          0|
    |regs_V_load_1_reg_294    |  16|   0|   16|          0|
    |tmp_2_reg_252            |   1|   0|    1|          0|
    +-------------------------+----+----+-----+-----------+
    |Total                    | 100|   0|  115|         15|
    +-------------------------+----+----+-----+-----------+



================================================================
== Interface
================================================================
* Summary: 
+--------------+-----+-----+------------+--------------+--------------+
|   RTL Ports  | Dir | Bits|  Protocol  | Source Object|    C Type    |
+--------------+-----+-----+------------+--------------+--------------+
|ap_clk        |  in |    1| ap_ctrl_hs |   fir_fixed  | return value |
|ap_rst        |  in |    1| ap_ctrl_hs |   fir_fixed  | return value |
|ap_start      |  in |    1| ap_ctrl_hs |   fir_fixed  | return value |
|ap_done       | out |    1| ap_ctrl_hs |   fir_fixed  | return value |
|ap_idle       | out |    1| ap_ctrl_hs |   fir_fixed  | return value |
|ap_ready      | out |    1| ap_ctrl_hs |   fir_fixed  | return value |
|x_V           |  in |   16|   ap_none  |      x_V     |    scalar    |
|h_V_address0  | out |    7|  ap_memory |      h_V     |     array    |
|h_V_ce0       | out |    1|  ap_memory |      h_V     |     array    |
|h_V_q0        |  in |   16|  ap_memory |      h_V     |     array    |
|y_V           | out |   17|   ap_vld   |      y_V     |    pointer   |
|y_V_ap_vld    | out |    1|   ap_vld   |      y_V     |    pointer   |
+--------------+-----+-----+------------+--------------+--------------+

============================================================
+ Verbose Summary: Synthesis Manager
============================================================
InlineROM: 1
ExposeGlobal: 0
============================================================
+ Verbose Summary: CDFG Model
============================================================
IsTopModel: 1
ResetActiveHigh: 1
IsCombinational: 2
IsDatapathOnly: 2
HasWiredReturn: 1
HasMFsm: 0
HasVarLatency: 1
IsPipeline: 0
IsRtlPipelined: 0
IsInstanceOverlapped: 0
IsDontTouch: 0
HasImplIP: 0
IsGatedGlobalClock: 0

+ Individual pipeline summary: 
  * Pipeline-0: initiation interval (II) = 2, depth = 2
  * Pipeline-1: initiation interval (II) = 2, depth = 3


============================================================
+ Verbose Summary: Schedule
============================================================
* Number of FSM states : 8
* Pipeline : 2
  Pipeline-0 : II = 2, D = 2, States = { 2 3 }
  Pipeline-1 : II = 2, D = 3, States = { 5 6 7 }
* Dataflow Pipeline: 0

* FSM state transitions: 
1 --> 2 
2 --> 4 3 
3 --> 2 
4 --> 5 
5 --> 8 6 
6 --> 7 
7 --> 5 
8 --> 

* FSM state operations: 

State 1 <SV = 0> <Delay = 1.76>
ST_1 : Operation 9 [1/1] (0.00ns)   --->   "call void (...)* @_ssdm_op_SpecBitsMap(i16 %x_V), !map !41"   --->   Operation 9 'specbitsmap' <Predicate = true> <Delay = 0.00>
ST_1 : Operation 10 [1/1] (0.00ns)   --->   "call void (...)* @_ssdm_op_SpecBitsMap([100 x i16]* %h_V), !map !47"   --->   Operation 10 'specbitsmap' <Predicate = true> <Delay = 0.00>
ST_1 : Operation 11 [1/1] (0.00ns)   --->   "call void (...)* @_ssdm_op_SpecBitsMap(i17* %y_V), !map !53"   --->   Operation 11 'specbitsmap' <Predicate = true> <Delay = 0.00>
ST_1 : Operation 12 [1/1] (0.00ns)   --->   "call void (...)* @_ssdm_op_SpecTopModule([10 x i8]* @fir_fixed_str) nounwind"   --->   Operation 12 'spectopmodule' <Predicate = true> <Delay = 0.00>
ST_1 : Operation 13 [1/1] (0.00ns)   --->   "%x_V_read = call i16 @_ssdm_op_Read.ap_auto.i16(i16 %x_V)" [fir_fixed.cpp:3]   --->   Operation 13 'read' 'x_V_read' <Predicate = true> <Delay = 0.00>
ST_1 : Operation 14 [1/1] (1.76ns)   --->   "br label %0" [fir_fixed.cpp:8]   --->   Operation 14 'br' <Predicate = true> <Delay = 1.76>

State 2 <SV = 1> <Delay = 5.16>
ST_2 : Operation 15 [1/1] (0.00ns)   --->   "%i_0 = phi i8 [ 99, %codeRepl ], [ %i, %SHIFT_end ]"   --->   Operation 15 'phi' 'i_0' <Predicate = true> <Delay = 0.00>
ST_2 : Operation 16 [1/1] (0.00ns)   --->   "%tmp_2 = call i1 @_ssdm_op_BitSelect.i1.i8.i32(i8 %i_0, i32 7)" [fir_fixed.cpp:8]   --->   Operation 16 'bitselect' 'tmp_2' <Predicate = true> <Delay = 0.00>
ST_2 : Operation 17 [1/1] (0.00ns)   --->   "%empty = call i32 (...)* @_ssdm_op_SpecLoopTripCount(i64 100, i64 100, i64 100)"   --->   Operation 17 'speclooptripcount' 'empty' <Predicate = true> <Delay = 0.00>
ST_2 : Operation 18 [1/1] (0.00ns)   --->   "br i1 %tmp_2, label %.preheader.preheader, label %SHIFT_begin" [fir_fixed.cpp:8]   --->   Operation 18 'br' <Predicate = true> <Delay = 0.00>
ST_2 : Operation 19 [1/1] (0.00ns)   --->   "call void (...)* @_ssdm_op_SpecLoopName([6 x i8]* @p_str2) nounwind" [fir_fixed.cpp:9]   --->   Operation 19 'specloopname' <Predicate = (!tmp_2)> <Delay = 0.00>
ST_2 : Operation 20 [1/1] (0.00ns)   --->   "%tmp = call i32 (...)* @_ssdm_op_SpecRegionBegin([6 x i8]* @p_str2)" [fir_fixed.cpp:9]   --->   Operation 20 'specregionbegin' 'tmp' <Predicate = (!tmp_2)> <Delay = 0.00>
ST_2 : Operation 21 [1/1] (0.00ns)   --->   "call void (...)* @_ssdm_op_SpecPipeline(i32 2, i32 1, i32 1, i32 0, [1 x i8]* @p_str13) nounwind" [fir_fixed.cpp:9]   --->   Operation 21 'specpipeline' <Predicate = (!tmp_2)> <Delay = 0.00>
ST_2 : Operation 22 [1/1] (1.55ns)   --->   "%icmp_ln9 = icmp eq i8 %i_0, 0" [fir_fixed.cpp:9]   --->   Operation 22 'icmp' 'icmp_ln9' <Predicate = (!tmp_2)> <Delay = 1.55> <Core = "Cmp">   --->   Core 25 'Cmp' <Latency = 0> <II = 1> <Delay = 1.55> <FuncUnit> <Opcode : 'icmp'> <InPorts = 2> <OutPorts = 1>
ST_2 : Operation 23 [1/1] (0.00ns)   --->   "br i1 %icmp_ln9, label %1, label %2" [fir_fixed.cpp:9]   --->   Operation 23 'br' <Predicate = (!tmp_2)> <Delay = 0.00>
ST_2 : Operation 24 [1/1] (1.91ns)   --->   "%add_ln12 = add i8 %i_0, -1" [fir_fixed.cpp:12]   --->   Operation 24 'add' 'add_ln12' <Predicate = (!tmp_2 & !icmp_ln9)> <Delay = 1.91> <Core = "AddSub">   --->   Core 14 'AddSub' <Latency = 0> <II = 1> <Delay = 1.87> <FuncUnit> <Opcode : 'add' 'sub'> <InPorts = 2> <OutPorts = 1>
ST_2 : Operation 25 [1/1] (0.00ns)   --->   "%zext_ln12_1 = zext i8 %add_ln12 to i64" [fir_fixed.cpp:12]   --->   Operation 25 'zext' 'zext_ln12_1' <Predicate = (!tmp_2 & !icmp_ln9)> <Delay = 0.00>
ST_2 : Operation 26 [1/1] (0.00ns)   --->   "%regs_V_addr = getelementptr [100 x i16]* @regs_V, i64 0, i64 %zext_ln12_1" [fir_fixed.cpp:12]   --->   Operation 26 'getelementptr' 'regs_V_addr' <Predicate = (!tmp_2 & !icmp_ln9)> <Delay = 0.00>
ST_2 : Operation 27 [2/2] (3.25ns)   --->   "%regs_V_load = load i16* %regs_V_addr, align 2" [fir_fixed.cpp:12]   --->   Operation 27 'load' 'regs_V_load' <Predicate = (!tmp_2 & !icmp_ln9)> <Delay = 3.25> <Core = "RAM">   --->   Core 37 'RAM' <Latency = 1> <II = 1> <Delay = 3.25> <Storage> <Opcode : 'load' 'store'> <Ports = 2> <Width = 16> <Depth = 100> <RAM>
ST_2 : Operation 28 [1/1] (3.25ns)   --->   "store i16 %x_V_read, i16* getelementptr inbounds ([100 x i16]* @regs_V, i64 0, i64 0), align 16" [fir_fixed.cpp:10]   --->   Operation 28 'store' <Predicate = (!tmp_2 & icmp_ln9)> <Delay = 3.25> <Core = "RAM">   --->   Core 37 'RAM' <Latency = 1> <II = 1> <Delay = 3.25> <Storage> <Opcode : 'load' 'store'> <Ports = 2> <Width = 16> <Depth = 100> <RAM>

State 3 <SV = 2> <Delay = 6.50>
ST_3 : Operation 29 [1/1] (0.00ns)   --->   "%zext_ln12 = zext i8 %i_0 to i64" [fir_fixed.cpp:12]   --->   Operation 29 'zext' 'zext_ln12' <Predicate = (!tmp_2 & !icmp_ln9)> <Delay = 0.00>
ST_3 : Operation 30 [1/2] (3.25ns)   --->   "%regs_V_load = load i16* %regs_V_addr, align 2" [fir_fixed.cpp:12]   --->   Operation 30 'load' 'regs_V_load' <Predicate = (!tmp_2 & !icmp_ln9)> <Delay = 3.25> <Core = "RAM">   --->   Core 37 'RAM' <Latency = 1> <II = 1> <Delay = 3.25> <Storage> <Opcode : 'load' 'store'> <Ports = 2> <Width = 16> <Depth = 100> <RAM>
ST_3 : Operation 31 [1/1] (0.00ns)   --->   "%regs_V_addr_1 = getelementptr [100 x i16]* @regs_V, i64 0, i64 %zext_ln12" [fir_fixed.cpp:12]   --->   Operation 31 'getelementptr' 'regs_V_addr_1' <Predicate = (!tmp_2 & !icmp_ln9)> <Delay = 0.00>
ST_3 : Operation 32 [1/1] (3.25ns)   --->   "store i16 %regs_V_load, i16* %regs_V_addr_1, align 2" [fir_fixed.cpp:12]   --->   Operation 32 'store' <Predicate = (!tmp_2 & !icmp_ln9)> <Delay = 3.25> <Core = "RAM">   --->   Core 37 'RAM' <Latency = 1> <II = 1> <Delay = 3.25> <Storage> <Opcode : 'load' 'store'> <Ports = 2> <Width = 16> <Depth = 100> <RAM>
ST_3 : Operation 33 [1/1] (0.00ns)   --->   "br label %SHIFT_end"   --->   Operation 33 'br' <Predicate = (!tmp_2 & !icmp_ln9)> <Delay = 0.00>
ST_3 : Operation 34 [1/1] (0.00ns)   --->   "br label %SHIFT_end" [fir_fixed.cpp:10]   --->   Operation 34 'br' <Predicate = (!tmp_2 & icmp_ln9)> <Delay = 0.00>
ST_3 : Operation 35 [1/1] (0.00ns)   --->   "%empty_4 = call i32 (...)* @_ssdm_op_SpecRegionEnd([6 x i8]* @p_str2, i32 %tmp)" [fir_fixed.cpp:12]   --->   Operation 35 'specregionend' 'empty_4' <Predicate = (!tmp_2)> <Delay = 0.00>
ST_3 : Operation 36 [1/1] (1.91ns)   --->   "%i = add i8 %i_0, -1" [fir_fixed.cpp:8]   --->   Operation 36 'add' 'i' <Predicate = (!tmp_2)> <Delay = 1.91> <Core = "AddSub">   --->   Core 14 'AddSub' <Latency = 0> <II = 1> <Delay = 1.87> <FuncUnit> <Opcode : 'add' 'sub'> <InPorts = 2> <OutPorts = 1>
ST_3 : Operation 37 [1/1] (0.00ns)   --->   "br label %0" [fir_fixed.cpp:8]   --->   Operation 37 'br' <Predicate = (!tmp_2)> <Delay = 0.00>

State 4 <SV = 2> <Delay = 1.76>
ST_4 : Operation 38 [1/1] (1.76ns)   --->   "br label %.preheader" [fir_fixed.cpp:14]   --->   Operation 38 'br' <Predicate = true> <Delay = 1.76>

State 5 <SV = 3> <Delay = 3.25>
ST_5 : Operation 39 [1/1] (0.00ns)   --->   "%p_Val2_s = phi i17 [ %temp_V, %MAC ], [ 0, %.preheader.preheader ]"   --->   Operation 39 'phi' 'p_Val2_s' <Predicate = true> <Delay = 0.00>
ST_5 : Operation 40 [1/1] (0.00ns)   --->   "%i1_0 = phi i7 [ %i_1, %MAC ], [ 0, %.preheader.preheader ]"   --->   Operation 40 'phi' 'i1_0' <Predicate = true> <Delay = 0.00>
ST_5 : Operation 41 [1/1] (1.48ns)   --->   "%icmp_ln14 = icmp eq i7 %i1_0, -28" [fir_fixed.cpp:14]   --->   Operation 41 'icmp' 'icmp_ln14' <Predicate = true> <Delay = 1.48> <Core = "Cmp">   --->   Core 25 'Cmp' <Latency = 0> <II = 1> <Delay = 1.55> <FuncUnit> <Opcode : 'icmp'> <InPorts = 2> <OutPorts = 1>
ST_5 : Operation 42 [1/1] (0.00ns)   --->   "%empty_5 = call i32 (...)* @_ssdm_op_SpecLoopTripCount(i64 100, i64 100, i64 100)"   --->   Operation 42 'speclooptripcount' 'empty_5' <Predicate = true> <Delay = 0.00>
ST_5 : Operation 43 [1/1] (1.87ns)   --->   "%i_1 = add i7 %i1_0, 1" [fir_fixed.cpp:14]   --->   Operation 43 'add' 'i_1' <Predicate = true> <Delay = 1.87> <Core = "AddSub">   --->   Core 14 'AddSub' <Latency = 0> <II = 1> <Delay = 1.87> <FuncUnit> <Opcode : 'add' 'sub'> <InPorts = 2> <OutPorts = 1>
ST_5 : Operation 44 [1/1] (0.00ns)   --->   "br i1 %icmp_ln14, label %3, label %MAC" [fir_fixed.cpp:14]   --->   Operation 44 'br' <Predicate = true> <Delay = 0.00>
ST_5 : Operation 45 [1/1] (0.00ns)   --->   "%zext_ln15 = zext i7 %i1_0 to i64" [fir_fixed.cpp:15]   --->   Operation 45 'zext' 'zext_ln15' <Predicate = (!icmp_ln14)> <Delay = 0.00>
ST_5 : Operation 46 [1/1] (0.00ns)   --->   "%h_V_addr = getelementptr [100 x i16]* %h_V, i64 0, i64 %zext_ln15" [fir_fixed.cpp:15]   --->   Operation 46 'getelementptr' 'h_V_addr' <Predicate = (!icmp_ln14)> <Delay = 0.00>
ST_5 : Operation 47 [2/2] (3.25ns)   --->   "%h_V_load = load i16* %h_V_addr, align 2" [fir_fixed.cpp:15]   --->   Operation 47 'load' 'h_V_load' <Predicate = (!icmp_ln14)> <Delay = 3.25> <Core = "RAM">   --->   Core 37 'RAM' <Latency = 1> <II = 1> <Delay = 3.25> <Storage> <Opcode : 'load' 'store'> <Ports = 2> <Width = 16> <Depth = 100> <RAM>
ST_5 : Operation 48 [1/1] (0.00ns)   --->   "%regs_V_addr_2 = getelementptr [100 x i16]* @regs_V, i64 0, i64 %zext_ln15" [fir_fixed.cpp:15]   --->   Operation 48 'getelementptr' 'regs_V_addr_2' <Predicate = (!icmp_ln14)> <Delay = 0.00>
ST_5 : Operation 49 [2/2] (3.25ns)   --->   "%regs_V_load_1 = load i16* %regs_V_addr_2, align 2" [fir_fixed.cpp:15]   --->   Operation 49 'load' 'regs_V_load_1' <Predicate = (!icmp_ln14)> <Delay = 3.25> <Core = "RAM">   --->   Core 37 'RAM' <Latency = 1> <II = 1> <Delay = 3.25> <Storage> <Opcode : 'load' 'store'> <Ports = 2> <Width = 16> <Depth = 100> <RAM>

State 6 <SV = 4> <Delay = 3.25>
ST_6 : Operation 50 [1/2] (3.25ns)   --->   "%h_V_load = load i16* %h_V_addr, align 2" [fir_fixed.cpp:15]   --->   Operation 50 'load' 'h_V_load' <Predicate = (!icmp_ln14)> <Delay = 3.25> <Core = "RAM">   --->   Core 37 'RAM' <Latency = 1> <II = 1> <Delay = 3.25> <Storage> <Opcode : 'load' 'store'> <Ports = 2> <Width = 16> <Depth = 100> <RAM>
ST_6 : Operation 51 [1/2] (3.25ns)   --->   "%regs_V_load_1 = load i16* %regs_V_addr_2, align 2" [fir_fixed.cpp:15]   --->   Operation 51 'load' 'regs_V_load_1' <Predicate = (!icmp_ln14)> <Delay = 3.25> <Core = "RAM">   --->   Core 37 'RAM' <Latency = 1> <II = 1> <Delay = 3.25> <Storage> <Opcode : 'load' 'store'> <Ports = 2> <Width = 16> <Depth = 100> <RAM>
ST_6 : Operation 52 [1/1] (0.00ns)   --->   "%lhs_V = call i32 @_ssdm_op_BitConcatenate.i32.i17.i15(i17 %p_Val2_s, i15 0)" [fir_fixed.cpp:15]   --->   Operation 52 'bitconcatenate' 'lhs_V' <Predicate = (!icmp_ln14)> <Delay = 0.00>

State 7 <SV = 5> <Delay = 6.38>
ST_7 : Operation 53 [1/1] (0.00ns)   --->   "call void (...)* @_ssdm_op_SpecLoopName([4 x i8]* @p_str24) nounwind" [fir_fixed.cpp:14]   --->   Operation 53 'specloopname' <Predicate = (!icmp_ln14)> <Delay = 0.00>
ST_7 : Operation 54 [1/1] (0.00ns)   --->   "%tmp_1 = call i32 (...)* @_ssdm_op_SpecRegionBegin([4 x i8]* @p_str24)" [fir_fixed.cpp:14]   --->   Operation 54 'specregionbegin' 'tmp_1' <Predicate = (!icmp_ln14)> <Delay = 0.00>
ST_7 : Operation 55 [1/1] (0.00ns)   --->   "call void (...)* @_ssdm_op_SpecPipeline(i32 2, i32 1, i32 1, i32 0, [1 x i8]* @p_str13) nounwind" [fir_fixed.cpp:15]   --->   Operation 55 'specpipeline' <Predicate = (!icmp_ln14)> <Delay = 0.00>
ST_7 : Operation 56 [1/1] (0.00ns)   --->   "%r_V = sext i16 %h_V_load to i32" [fir_fixed.cpp:15]   --->   Operation 56 'sext' 'r_V' <Predicate = (!icmp_ln14)> <Delay = 0.00>
ST_7 : Operation 57 [1/1] (0.00ns)   --->   "%sext_ln1118 = sext i16 %regs_V_load_1 to i32" [fir_fixed.cpp:15]   --->   Operation 57 'sext' 'sext_ln1118' <Predicate = (!icmp_ln14)> <Delay = 0.00>
ST_7 : Operation 58 [1/1] (3.36ns) (grouped into DSP with root node ret_V)   --->   "%r_V_2 = mul nsw i32 %sext_ln1118, %r_V" [fir_fixed.cpp:15]   --->   Operation 58 'mul' 'r_V_2' <Predicate = (!icmp_ln14)> <Delay = 3.36> <Core = "DSP48">   --->   Core 88 'DSP48' <Latency = 0> <II = 1> <Delay = 6.38> <IPBlock> <Opcode : 'mul' 'add' 'sub' 'select'> <InPorts = 0> <OutPorts = 1> <Sync> <CReg>
ST_7 : Operation 59 [1/1] (3.02ns) (root node of the DSP)   --->   "%ret_V = add i32 %r_V_2, %lhs_V" [fir_fixed.cpp:15]   --->   Operation 59 'add' 'ret_V' <Predicate = (!icmp_ln14)> <Delay = 3.02> <Core = "DSP48">   --->   Core 88 'DSP48' <Latency = 0> <II = 1> <Delay = 6.38> <IPBlock> <Opcode : 'mul' 'add' 'sub' 'select'> <InPorts = 0> <OutPorts = 1> <Sync> <CReg>
ST_7 : Operation 60 [1/1] (0.00ns)   --->   "%temp_V = call i17 @_ssdm_op_PartSelect.i17.i32.i32.i32(i32 %ret_V, i32 15, i32 31)" [fir_fixed.cpp:15]   --->   Operation 60 'partselect' 'temp_V' <Predicate = (!icmp_ln14)> <Delay = 0.00>
ST_7 : Operation 61 [1/1] (0.00ns)   --->   "%empty_6 = call i32 (...)* @_ssdm_op_SpecRegionEnd([4 x i8]* @p_str24, i32 %tmp_1)" [fir_fixed.cpp:16]   --->   Operation 61 'specregionend' 'empty_6' <Predicate = (!icmp_ln14)> <Delay = 0.00>
ST_7 : Operation 62 [1/1] (0.00ns)   --->   "br label %.preheader" [fir_fixed.cpp:14]   --->   Operation 62 'br' <Predicate = (!icmp_ln14)> <Delay = 0.00>

State 8 <SV = 4> <Delay = 0.00>
ST_8 : Operation 63 [1/1] (0.00ns)   --->   "call void @_ssdm_op_Write.ap_auto.i17P(i17* %y_V, i17 %p_Val2_s)" [fir_fixed.cpp:17]   --->   Operation 63 'write' <Predicate = true> <Delay = 0.00>
ST_8 : Operation 64 [1/1] (0.00ns)   --->   "ret void" [fir_fixed.cpp:18]   --->   Operation 64 'ret' <Predicate = true> <Delay = 0.00>


============================================================
+ Verbose Summary: Binding
============================================================
STG Binding: 
---------------- STG Properties BEGIN ----------------
- Is combinational: 0
- Is one-state seq: 0
- Is datapath-only: 0
- Is pipelined: 0
- Is top level: 1
Port [ Return ] is wired: 1; IO mode=ap_ctrl_hs:ce=0
Port [ x_V]:  wired=1; compound=0; hidden=0; nouse=0; global=0; static=0; extern=0; dir=0; type=0; pingpong=0; private_global=0; IO mode=ap_none:ce=0
Port [ h_V]:  wired=1; compound=1; hidden=0; nouse=0; global=0; static=0; extern=0; dir=0; type=1; pingpong=0; private_global=0; MemPort=[13]; IO mode=ap_memory:ce=0
Port [ y_V]:  wired=1; compound=0; hidden=0; nouse=0; global=0; static=0; extern=0; dir=1; type=0; pingpong=0; private_global=0; IO mode=ap_vld:ce=0
Port [ regs_V]:  wired=0; compound=1; hidden=1; nouse=0; global=1; static=1; extern=0; dir=2; type=1; pingpong=0; private_global=1; linkage=7; visibility=0; MemPort=[23]; IO mode=ap_memory:ce=0
---------------- STG Properties END ------------------

---------------- Datapath Model BEGIN ----------------

<LifeTime>
<method=bitvector/>
specbitsmap_ln0   (specbitsmap      ) [ 000000000]
specbitsmap_ln0   (specbitsmap      ) [ 000000000]
specbitsmap_ln0   (specbitsmap      ) [ 000000000]
spectopmodule_ln0 (spectopmodule    ) [ 000000000]
x_V_read          (read             ) [ 001100000]
br_ln8            (br               ) [ 011100000]
i_0               (phi              ) [ 001100000]
tmp_2             (bitselect        ) [ 001100000]
empty             (speclooptripcount) [ 000000000]
br_ln8            (br               ) [ 000000000]
specloopname_ln9  (specloopname     ) [ 000000000]
tmp               (specregionbegin  ) [ 000100000]
specpipeline_ln9  (specpipeline     ) [ 000000000]
icmp_ln9          (icmp             ) [ 001100000]
br_ln9            (br               ) [ 000000000]
add_ln12          (add              ) [ 000000000]
zext_ln12_1       (zext             ) [ 000000000]
regs_V_addr       (getelementptr    ) [ 000100000]
store_ln10        (store            ) [ 000000000]
zext_ln12         (zext             ) [ 000000000]
regs_V_load       (load             ) [ 000000000]
regs_V_addr_1     (getelementptr    ) [ 000000000]
store_ln12        (store            ) [ 000000000]
br_ln0            (br               ) [ 000000000]
br_ln10           (br               ) [ 000000000]
empty_4           (specregionend    ) [ 000000000]
i                 (add              ) [ 011100000]
br_ln8            (br               ) [ 011100000]
br_ln14           (br               ) [ 000011110]
p_Val2_s          (phi              ) [ 000001101]
i1_0              (phi              ) [ 000001000]
icmp_ln14         (icmp             ) [ 000001110]
empty_5           (speclooptripcount) [ 000000000]
i_1               (add              ) [ 000011110]
br_ln14           (br               ) [ 000000000]
zext_ln15         (zext             ) [ 000000000]
h_V_addr          (getelementptr    ) [ 000000100]
regs_V_addr_2     (getelementptr    ) [ 000000100]
h_V_load          (load             ) [ 000001010]
regs_V_load_1     (load             ) [ 000001010]
lhs_V             (bitconcatenate   ) [ 000001010]
specloopname_ln14 (specloopname     ) [ 000000000]
tmp_1             (specregionbegin  ) [ 000000000]
specpipeline_ln15 (specpipeline     ) [ 000000000]
r_V               (sext             ) [ 000000000]
sext_ln1118       (sext             ) [ 000000000]
r_V_2             (mul              ) [ 000000000]
ret_V             (add              ) [ 000000000]
temp_V            (partselect       ) [ 000011110]
empty_6           (specregionend    ) [ 000000000]
br_ln14           (br               ) [ 000011110]
write_ln17        (write            ) [ 000000000]
ret_ln18          (ret              ) [ 000000000]
</LifeTime>

<model>

<comp_list>
<comp id="0" class="1000" name="x_V">
<pin_list>
<pin id="1" dir="1" index="0" bw="1" slack="0"/>
</pin_list>
<bind>
<StgValue><ssdm name="x_V"/></StgValue>
</bind>
</comp>

<comp id="2" class="1000" name="h_V">
<pin_list>
<pin id="3" dir="1" index="0" bw="1" slack="0"/>
</pin_list>
<bind>
<StgValue><ssdm name="h_V"/><MemPortTyVec>1 3 </MemPortTyVec>
</StgValue>
</bind>
</comp>

<comp id="4" class="1000" name="y_V">
<pin_list>
<pin id="5" dir="1" index="0" bw="1" slack="0"/>
</pin_list>
<bind>
<StgValue><ssdm name="y_V"/></StgValue>
</bind>
</comp>

<comp id="6" class="1000" name="regs_V">
<pin_list>
<pin id="7" dir="1" index="0" bw="1" slack="0"/>
</pin_list>
<bind>
<StgValue><ssdm name="regs_V"/><MemPortTyVec>2 3 </MemPortTyVec>
</StgValue>
</bind>
</comp>

<comp id="8" class="1001" name="const_8">
<pin_list>
<pin id="9" dir="1" index="0" bw="1" slack="2147483647"/>
</pin_list>
<bind>
<StgValue><ssdm name="_ssdm_op_SpecBitsMap"/></StgValue>
</bind>
</comp>

<comp id="10" class="1001" name="const_10">
<pin_list>
<pin id="11" dir="1" index="0" bw="1" slack="2147483647"/>
</pin_list>
<bind>
<StgValue><ssdm name="_ssdm_op_SpecTopModule"/></StgValue>
</bind>
</comp>

<comp id="12" class="1001" name="const_12">
<pin_list>
<pin id="13" dir="1" index="0" bw="1" slack="2147483647"/>
</pin_list>
<bind>
<StgValue><ssdm name="fir_fixed_str"/></StgValue>
</bind>
</comp>

<comp id="14" class="1001" name="const_14">
<pin_list>
<pin id="15" dir="1" index="0" bw="1" slack="0"/>
</pin_list>
<bind>
<StgValue><ssdm name="_ssdm_op_Read.ap_auto.i16"/></StgValue>
</bind>
</comp>

<comp id="16" class="1001" name="const_16">
<pin_list>
<pin id="17" dir="1" index="0" bw="1" slack="1"/>
</pin_list>
<bind>
<StgValue><ssdm name=""/></StgValue>
</bind>
</comp>

<comp id="18" class="1001" name="const_18">
<pin_list>
<pin id="19" dir="1" index="0" bw="1" slack="0"/>
</pin_list>
<bind>
<StgValue><ssdm name="_ssdm_op_BitSelect.i1.i8.i32"/></StgValue>
</bind>
</comp>

<comp id="20" class="1001" name="const_20">
<pin_list>
<pin id="21" dir="1" index="0" bw="1" slack="0"/>
</pin_list>
<bind>
<StgValue><ssdm name=""/></StgValue>
</bind>
</comp>

<comp id="22" class="1001" name="const_22">
<pin_list>
<pin id="23" dir="1" index="0" bw="1" slack="2147483647"/>
</pin_list>
<bind>
<StgValue><ssdm name="_ssdm_op_SpecLoopTripCount"/></StgValue>
</bind>
</comp>

<comp id="24" class="1001" name="const_24">
<pin_list>
<pin id="25" dir="1" index="0" bw="1" slack="2147483647"/>
</pin_list>
<bind>
<StgValue><ssdm name=""/></StgValue>
</bind>
</comp>

<comp id="26" class="1001" name="const_26">
<pin_list>
<pin id="27" dir="1" index="0" bw="1" slack="2147483647"/>
</pin_list>
<bind>
<StgValue><ssdm name="_ssdm_op_SpecLoopName"/></StgValue>
</bind>
</comp>

<comp id="28" class="1001" name="const_28">
<pin_list>
<pin id="29" dir="1" index="0" bw="1" slack="2147483647"/>
</pin_list>
<bind>
<StgValue><ssdm name="p_str2"/></StgValue>
</bind>
</comp>

<comp id="30" class="1001" name="const_30">
<pin_list>
<pin id="31" dir="1" index="0" bw="1" slack="2147483647"/>
</pin_list>
<bind>
<StgValue><ssdm name="_ssdm_op_SpecRegionBegin"/></StgValue>
</bind>
</comp>

<comp id="32" class="1001" name="const_32">
<pin_list>
<pin id="33" dir="1" index="0" bw="1" slack="2147483647"/>
</pin_list>
<bind>
<StgValue><ssdm name="_ssdm_op_SpecPipeline"/></StgValue>
</bind>
</comp>

<comp id="34" class="1001" name="const_34">
<pin_list>
<pin id="35" dir="1" index="0" bw="1" slack="2147483647"/>
</pin_list>
<bind>
<StgValue><ssdm name=""/></StgValue>
</bind>
</comp>

<comp id="36" class="1001" name="const_36">
<pin_list>
<pin id="37" dir="1" index="0" bw="1" slack="2147483647"/>
</pin_list>
<bind>
<StgValue><ssdm name=""/></StgValue>
</bind>
</comp>

<comp id="38" class="1001" name="const_38">
<pin_list>
<pin id="39" dir="1" index="0" bw="1" slack="2147483647"/>
</pin_list>
<bind>
<StgValue><ssdm name=""/></StgValue>
</bind>
</comp>

<comp id="40" class="1001" name="const_40">
<pin_list>
<pin id="41" dir="1" index="0" bw="1" slack="2147483647"/>
</pin_list>
<bind>
<StgValue><ssdm name="p_str13"/></StgValue>
</bind>
</comp>

<comp id="42" class="1001" name="const_42">
<pin_list>
<pin id="43" dir="1" index="0" bw="1" slack="0"/>
</pin_list>
<bind>
<StgValue><ssdm name=""/></StgValue>
</bind>
</comp>

<comp id="44" class="1001" name="const_44">
<pin_list>
<pin id="45" dir="1" index="0" bw="1" slack="0"/>
</pin_list>
<bind>
<StgValue><ssdm name=""/></StgValue>
</bind>
</comp>

<comp id="46" class="1001" name="const_46">
<pin_list>
<pin id="47" dir="1" index="0" bw="1" slack="0"/>
</pin_list>
<bind>
<StgValue><ssdm name=""/></StgValue>
</bind>
</comp>

<comp id="48" class="1001" name="const_48">
<pin_list>
<pin id="49" dir="1" index="0" bw="1" slack="0"/>
</pin_list>
<bind>
<StgValue><ssdm name=""/></StgValue>
</bind>
</comp>

<comp id="50" class="1001" name="const_50">
<pin_list>
<pin id="51" dir="1" index="0" bw="1" slack="2147483647"/>
</pin_list>
<bind>
<StgValue><ssdm name="_ssdm_op_SpecRegionEnd"/></StgValue>
</bind>
</comp>

<comp id="52" class="1001" name="const_52">
<pin_list>
<pin id="53" dir="1" index="0" bw="1" slack="1"/>
</pin_list>
<bind>
<StgValue><ssdm name=""/></StgValue>
</bind>
</comp>

<comp id="54" class="1001" name="const_54">
<pin_list>
<pin id="55" dir="1" index="0" bw="1" slack="1"/>
</pin_list>
<bind>
<StgValue><ssdm name=""/></StgValue>
</bind>
</comp>

<comp id="56" class="1001" name="const_56">
<pin_list>
<pin id="57" dir="1" index="0" bw="1" slack="0"/>
</pin_list>
<bind>
<StgValue><ssdm name=""/></StgValue>
</bind>
</comp>

<comp id="58" class="1001" name="const_58">
<pin_list>
<pin id="59" dir="1" index="0" bw="1" slack="0"/>
</pin_list>
<bind>
<StgValue><ssdm name=""/></StgValue>
</bind>
</comp>

<comp id="60" class="1001" name="const_60">
<pin_list>
<pin id="61" dir="1" index="0" bw="1" slack="0"/>
</pin_list>
<bind>
<StgValue><ssdm name="_ssdm_op_BitConcatenate.i32.i17.i15"/></StgValue>
</bind>
</comp>

<comp id="62" class="1001" name="const_62">
<pin_list>
<pin id="63" dir="1" index="0" bw="1" slack="0"/>
</pin_list>
<bind>
<StgValue><ssdm name=""/></StgValue>
</bind>
</comp>

<comp id="64" class="1001" name="const_64">
<pin_list>
<pin id="65" dir="1" index="0" bw="1" slack="2147483647"/>
</pin_list>
<bind>
<StgValue><ssdm name="p_str24"/></StgValue>
</bind>
</comp>

<comp id="66" class="1001" name="const_66">
<pin_list>
<pin id="67" dir="1" index="0" bw="1" slack="0"/>
</pin_list>
<bind>
<StgValue><ssdm name="_ssdm_op_PartSelect.i17.i32.i32.i32"/></StgValue>
</bind>
</comp>

<comp id="68" class="1001" name="const_68">
<pin_list>
<pin id="69" dir="1" index="0" bw="1" slack="0"/>
</pin_list>
<bind>
<StgValue><ssdm name=""/></StgValue>
</bind>
</comp>

<comp id="70" class="1001" name="const_70">
<pin_list>
<pin id="71" dir="1" index="0" bw="1" slack="0"/>
</pin_list>
<bind>
<StgValue><ssdm name=""/></StgValue>
</bind>
</comp>

<comp id="72" class="1001" name="const_72">
<pin_list>
<pin id="73" dir="1" index="0" bw="1" slack="0"/>
</pin_list>
<bind>
<StgValue><ssdm name="_ssdm_op_Write.ap_auto.i17P"/></StgValue>
</bind>
</comp>

<comp id="74" class="1004" name="x_V_read_read_fu_74">
<pin_list>
<pin id="75" dir="0" index="0" bw="16" slack="0"/>
<pin id="76" dir="0" index="1" bw="16" slack="0"/>
<pin id="77" dir="1" index="2" bw="16" slack="1"/>
</pin_list>
<bind>
<opcode="read(1150) " fcode="read"/>
<opset="x_V_read/1 "/>
</bind>
</comp>

<comp id="80" class="1004" name="write_ln17_write_fu_80">
<pin_list>
<pin id="81" dir="0" index="0" bw="0" slack="0"/>
<pin id="82" dir="0" index="1" bw="17" slack="0"/>
<pin id="83" dir="0" index="2" bw="17" slack="1"/>
<pin id="84" dir="1" index="3" bw="0" slack="2147483647"/>
</pin_list>
<bind>
<opcode="write(1151) " fcode="write"/>
<opset="write_ln17/8 "/>
</bind>
</comp>

<comp id="87" class="1004" name="regs_V_addr_gep_fu_87">
<pin_list>
<pin id="88" dir="0" index="0" bw="16" slack="0"/>
<pin id="89" dir="0" index="1" bw="1" slack="0"/>
<pin id="90" dir="0" index="2" bw="8" slack="0"/>
<pin id="91" dir="1" index="3" bw="7" slack="0"/>
</pin_list>
<bind>
<opcode="getelementptr(29) " fcode="getelementptr"/>
<opset="regs_V_addr/2 "/>
</bind>
</comp>

<comp id="94" class="1004" name="grp_access_fu_94">
<pin_list>
<pin id="95" dir="0" index="0" bw="7" slack="0"/>
<pin id="96" dir="0" index="1" bw="16" slack="0"/>
<pin id="97" dir="0" index="2" bw="0" slack="2147483647"/>
<pin id="98" dir="1" index="3" bw="16" slack="0"/>
</pin_list>
<bind>
<opcode="load(27) store(28) " fcode="load"/>
<opset="regs_V_load/2 store_ln10/2 store_ln12/3 regs_V_load_1/5 "/>
</bind>
</comp>

<comp id="101" class="1004" name="regs_V_addr_1_gep_fu_101">
<pin_list>
<pin id="102" dir="0" index="0" bw="16" slack="0"/>
<pin id="103" dir="0" index="1" bw="1" slack="0"/>
<pin id="104" dir="0" index="2" bw="8" slack="0"/>
<pin id="105" dir="1" index="3" bw="7" slack="0"/>
</pin_list>
<bind>
<opcode="getelementptr(29) " fcode="getelementptr"/>
<opset="regs_V_addr_1/3 "/>
</bind>
</comp>

<comp id="110" class="1004" name="h_V_addr_gep_fu_110">
<pin_list>
<pin id="111" dir="0" index="0" bw="16" slack="0"/>
<pin id="112" dir="0" index="1" bw="1" slack="0"/>
<pin id="113" dir="0" index="2" bw="7" slack="0"/>
<pin id="114" dir="1" index="3" bw="7" slack="0"/>
</pin_list>
<bind>
<opcode="getelementptr(29) " fcode="getelementptr"/>
<opset="h_V_addr/5 "/>
</bind>
</comp>

<comp id="117" class="1004" name="grp_access_fu_117">
<pin_list>
<pin id="118" dir="0" index="0" bw="7" slack="0"/>
<pin id="119" dir="0" index="1" bw="16" slack="2147483647"/>
<pin id="120" dir="0" index="2" bw="0" slack="2147483647"/>
<pin id="121" dir="1" index="3" bw="16" slack="1"/>
</pin_list>
<bind>
<opcode="load(27) " fcode="load"/>
<opset="h_V_load/5 "/>
</bind>
</comp>

<comp id="123" class="1004" name="regs_V_addr_2_gep_fu_123">
<pin_list>
<pin id="124" dir="0" index="0" bw="16" slack="0"/>
<pin id="125" dir="0" index="1" bw="1" slack="0"/>
<pin id="126" dir="0" index="2" bw="7" slack="0"/>
<pin id="127" dir="1" index="3" bw="7" slack="0"/>
</pin_list>
<bind>
<opcode="getelementptr(29) " fcode="getelementptr"/>
<opset="regs_V_addr_2/5 "/>
</bind>
</comp>

<comp id="131" class="1005" name="i_0_reg_131">
<pin_list>
<pin id="132" dir="0" index="0" bw="8" slack="1"/>
<pin id="133" dir="1" index="1" bw="8" slack="1"/>
</pin_list>
<bind>
<opset="i_0 (phireg) "/>
</bind>
</comp>

<comp id="135" class="1004" name="i_0_phi_fu_135">
<pin_list>
<pin id="136" dir="0" index="0" bw="8" slack="1"/>
<pin id="137" dir="0" index="1" bw="0" slack="2147483647"/>
<pin id="138" dir="0" index="2" bw="8" slack="1"/>
<pin id="139" dir="0" index="3" bw="0" slack="2147483647"/>
<pin id="140" dir="1" index="4" bw="8" slack="0"/>
</pin_list>
<bind>
<opcode="phi(47) " fcode="phi"/>
<opset="i_0/2 "/>
</bind>
</comp>

<comp id="143" class="1005" name="p_Val2_s_reg_143">
<pin_list>
<pin id="144" dir="0" index="0" bw="17" slack="1"/>
<pin id="145" dir="1" index="1" bw="17" slack="1"/>
</pin_list>
<bind>
<opset="p_Val2_s (phireg) "/>
</bind>
</comp>

<comp id="148" class="1004" name="p_Val2_s_phi_fu_148">
<pin_list>
<pin id="149" dir="0" index="0" bw="17" slack="1"/>
<pin id="150" dir="0" index="1" bw="0" slack="2147483647"/>
<pin id="151" dir="0" index="2" bw="1" slack="1"/>
<pin id="152" dir="0" index="3" bw="0" slack="2147483647"/>
<pin id="153" dir="1" index="4" bw="17" slack="1"/>
</pin_list>
<bind>
<opcode="phi(47) " fcode="phi"/>
<opset="p_Val2_s/5 "/>
</bind>
</comp>

<comp id="156" class="1005" name="i1_0_reg_156">
<pin_list>
<pin id="157" dir="0" index="0" bw="7" slack="1"/>
<pin id="158" dir="1" index="1" bw="7" slack="1"/>
</pin_list>
<bind>
<opset="i1_0 (phireg) "/>
</bind>
</comp>

<comp id="160" class="1004" name="i1_0_phi_fu_160">
<pin_list>
<pin id="161" dir="0" index="0" bw="7" slack="0"/>
<pin id="162" dir="0" index="1" bw="0" slack="2147483647"/>
<pin id="163" dir="0" index="2" bw="1" slack="1"/>
<pin id="164" dir="0" index="3" bw="0" slack="2147483647"/>
<pin id="165" dir="1" index="4" bw="7" slack="0"/>
</pin_list>
<bind>
<opcode="phi(47) " fcode="phi"/>
<opset="i1_0/5 "/>
</bind>
</comp>

<comp id="167" class="1004" name="grp_fu_167">
<pin_list>
<pin id="168" dir="0" index="0" bw="8" slack="0"/>
<pin id="169" dir="0" index="1" bw="1" slack="0"/>
<pin id="170" dir="1" index="2" bw="8" slack="0"/>
</pin_list>
<bind>
<opcode="add(8) " fcode="add"/>
<opset="add_ln12/2 i/3 "/>
</bind>
</comp>

<comp id="174" class="1004" name="tmp_2_fu_174">
<pin_list>
<pin id="175" dir="0" index="0" bw="1" slack="0"/>
<pin id="176" dir="0" index="1" bw="8" slack="0"/>
<pin id="177" dir="0" index="2" bw="4" slack="0"/>
<pin id="178" dir="1" index="3" bw="1" slack="1"/>
</pin_list>
<bind>
<opcode="bitselect(1000) " fcode="bitselect"/>
<opset="tmp_2/2 "/>
</bind>
</comp>

<comp id="182" class="1004" name="icmp_ln9_fu_182">
<pin_list>
<pin id="183" dir="0" index="0" bw="8" slack="0"/>
<pin id="184" dir="0" index="1" bw="8" slack="0"/>
<pin id="185" dir="1" index="2" bw="1" slack="1"/>
</pin_list>
<bind>
<opcode="icmp(45) " fcode="icmp"/>
<opset="icmp_ln9/2 "/>
</bind>
</comp>

<comp id="188" class="1004" name="zext_ln12_1_fu_188">
<pin_list>
<pin id="189" dir="0" index="0" bw="8" slack="0"/>
<pin id="190" dir="1" index="1" bw="64" slack="0"/>
</pin_list>
<bind>
<opcode="zext(34) " fcode="zext"/>
<opset="zext_ln12_1/2 "/>
</bind>
</comp>

<comp id="193" class="1004" name="zext_ln12_fu_193">
<pin_list>
<pin id="194" dir="0" index="0" bw="8" slack="1"/>
<pin id="195" dir="1" index="1" bw="64" slack="0"/>
</pin_list>
<bind>
<opcode="zext(34) " fcode="zext"/>
<opset="zext_ln12/3 "/>
</bind>
</comp>

<comp id="198" class="1004" name="icmp_ln14_fu_198">
<pin_list>
<pin id="199" dir="0" index="0" bw="7" slack="0"/>
<pin id="200" dir="0" index="1" bw="7" slack="0"/>
<pin id="201" dir="1" index="2" bw="1" slack="1"/>
</pin_list>
<bind>
<opcode="icmp(45) " fcode="icmp"/>
<opset="icmp_ln14/5 "/>
</bind>
</comp>

<comp id="204" class="1004" name="i_1_fu_204">
<pin_list>
<pin id="205" dir="0" index="0" bw="7" slack="0"/>
<pin id="206" dir="0" index="1" bw="1" slack="0"/>
<pin id="207" dir="1" index="2" bw="7" slack="0"/>
</pin_list>
<bind>
<opcode="add(8) " fcode="add"/>
<opset="i_1/5 "/>
</bind>
</comp>

<comp id="210" class="1004" name="zext_ln15_fu_210">
<pin_list>
<pin id="211" dir="0" index="0" bw="7" slack="0"/>
<pin id="212" dir="1" index="1" bw="64" slack="0"/>
</pin_list>
<bind>
<opcode="zext(34) " fcode="zext"/>
<opset="zext_ln15/5 "/>
</bind>
</comp>

<comp id="216" class="1004" name="lhs_V_fu_216">
<pin_list>
<pin id="217" dir="0" index="0" bw="32" slack="0"/>
<pin id="218" dir="0" index="1" bw="17" slack="1"/>
<pin id="219" dir="0" index="2" bw="1" slack="0"/>
<pin id="220" dir="1" index="3" bw="32" slack="1"/>
</pin_list>
<bind>
<opcode="bitconcatenate(1004) " fcode="bitconcatenate"/>
<opset="lhs_V/6 "/>
</bind>
</comp>

<comp id="224" class="1004" name="r_V_fu_224">
<pin_list>
<pin id="225" dir="0" index="0" bw="16" slack="1"/>
<pin id="226" dir="1" index="1" bw="32" slack="0"/>
</pin_list>
<bind>
<opcode="sext(35) " fcode="sext"/>
<opset="r_V/7 "/>
</bind>
</comp>

<comp id="227" class="1004" name="sext_ln1118_fu_227">
<pin_list>
<pin id="228" dir="0" index="0" bw="16" slack="1"/>
<pin id="229" dir="1" index="1" bw="32" slack="0"/>
</pin_list>
<bind>
<opcode="sext(35) " fcode="sext"/>
<opset="sext_ln1118/7 "/>
</bind>
</comp>

<comp id="230" class="1004" name="temp_V_fu_230">
<pin_list>
<pin id="231" dir="0" index="0" bw="17" slack="0"/>
<pin id="232" dir="0" index="1" bw="32" slack="0"/>
<pin id="233" dir="0" index="2" bw="5" slack="0"/>
<pin id="234" dir="0" index="3" bw="6" slack="0"/>
<pin id="235" dir="1" index="4" bw="17" slack="1"/>
</pin_list>
<bind>
<opcode="partselect(1002) " fcode="partselect"/>
<opset="temp_V/7 "/>
</bind>
</comp>

<comp id="239" class="1007" name="grp_fu_239">
<pin_list>
<pin id="240" dir="0" index="0" bw="16" slack="0"/>
<pin id="241" dir="0" index="1" bw="16" slack="0"/>
<pin id="242" dir="0" index="2" bw="32" slack="2147483647"/>
<pin id="243" dir="1" index="3" bw="32" slack="0"/>
</pin_list>
<bind>
<opcode="muladd(1172) " fcode="muladd"/>
<opset="r_V_2/7 ret_V/7 "/>
</bind>
</comp>

<comp id="247" class="1005" name="x_V_read_reg_247">
<pin_list>
<pin id="248" dir="0" index="0" bw="16" slack="1"/>
<pin id="249" dir="1" index="1" bw="16" slack="1"/>
</pin_list>
<bind>
<opset="x_V_read "/>
</bind>
</comp>

<comp id="252" class="1005" name="tmp_2_reg_252">
<pin_list>
<pin id="253" dir="0" index="0" bw="1" slack="1"/>
<pin id="254" dir="1" index="1" bw="1" slack="2147483647"/>
</pin_list>
<bind>
<opset="tmp_2 "/>
</bind>
</comp>

<comp id="256" class="1005" name="icmp_ln9_reg_256">
<pin_list>
<pin id="257" dir="0" index="0" bw="1" slack="1"/>
<pin id="258" dir="1" index="1" bw="1" slack="2147483647"/>
</pin_list>
<bind>
<opset="icmp_ln9 "/>
</bind>
</comp>

<comp id="260" class="1005" name="regs_V_addr_reg_260">
<pin_list>
<pin id="261" dir="0" index="0" bw="7" slack="1"/>
<pin id="262" dir="1" index="1" bw="7" slack="1"/>
</pin_list>
<bind>
<opset="regs_V_addr "/>
</bind>
</comp>

<comp id="265" class="1005" name="i_reg_265">
<pin_list>
<pin id="266" dir="0" index="0" bw="8" slack="1"/>
<pin id="267" dir="1" index="1" bw="8" slack="1"/>
</pin_list>
<bind>
<opset="i "/>
</bind>
</comp>

<comp id="270" class="1005" name="icmp_ln14_reg_270">
<pin_list>
<pin id="271" dir="0" index="0" bw="1" slack="1"/>
<pin id="272" dir="1" index="1" bw="1" slack="2147483647"/>
</pin_list>
<bind>
<opset="icmp_ln14 "/>
</bind>
</comp>

<comp id="274" class="1005" name="i_1_reg_274">
<pin_list>
<pin id="275" dir="0" index="0" bw="7" slack="0"/>
<pin id="276" dir="1" index="1" bw="7" slack="0"/>
</pin_list>
<bind>
<opset="i_1 "/>
</bind>
</comp>

<comp id="279" class="1005" name="h_V_addr_reg_279">
<pin_list>
<pin id="280" dir="0" index="0" bw="7" slack="1"/>
<pin id="281" dir="1" index="1" bw="7" slack="1"/>
</pin_list>
<bind>
<opset="h_V_addr "/>
</bind>
</comp>

<comp id="284" class="1005" name="regs_V_addr_2_reg_284">
<pin_list>
<pin id="285" dir="0" index="0" bw="7" slack="1"/>
<pin id="286" dir="1" index="1" bw="7" slack="1"/>
</pin_list>
<bind>
<opset="regs_V_addr_2 "/>
</bind>
</comp>

<comp id="289" class="1005" name="h_V_load_reg_289">
<pin_list>
<pin id="290" dir="0" index="0" bw="16" slack="1"/>
<pin id="291" dir="1" index="1" bw="16" slack="1"/>
</pin_list>
<bind>
<opset="h_V_load "/>
</bind>
</comp>

<comp id="294" class="1005" name="regs_V_load_1_reg_294">
<pin_list>
<pin id="295" dir="0" index="0" bw="16" slack="1"/>
<pin id="296" dir="1" index="1" bw="16" slack="1"/>
</pin_list>
<bind>
<opset="regs_V_load_1 "/>
</bind>
</comp>

<comp id="299" class="1005" name="lhs_V_reg_299">
<pin_list>
<pin id="300" dir="0" index="0" bw="32" slack="1"/>
<pin id="301" dir="1" index="1" bw="32" slack="1"/>
</pin_list>
<bind>
<opset="lhs_V "/>
</bind>
</comp>

<comp id="304" class="1005" name="temp_V_reg_304">
<pin_list>
<pin id="305" dir="0" index="0" bw="17" slack="1"/>
<pin id="306" dir="1" index="1" bw="17" slack="1"/>
</pin_list>
<bind>
<opset="temp_V "/>
</bind>
</comp>

</comp_list>

<net_list>
<net id="78"><net_src comp="14" pin="0"/><net_sink comp="74" pin=0"/></net>

<net id="79"><net_src comp="0" pin="0"/><net_sink comp="74" pin=1"/></net>

<net id="85"><net_src comp="72" pin="0"/><net_sink comp="80" pin=0"/></net>

<net id="86"><net_src comp="4" pin="0"/><net_sink comp="80" pin=1"/></net>

<net id="92"><net_src comp="6" pin="0"/><net_sink comp="87" pin=0"/></net>

<net id="93"><net_src comp="46" pin="0"/><net_sink comp="87" pin=1"/></net>

<net id="99"><net_src comp="87" pin="3"/><net_sink comp="94" pin=0"/></net>

<net id="100"><net_src comp="48" pin="0"/><net_sink comp="94" pin=0"/></net>

<net id="106"><net_src comp="6" pin="0"/><net_sink comp="101" pin=0"/></net>

<net id="107"><net_src comp="46" pin="0"/><net_sink comp="101" pin=1"/></net>

<net id="108"><net_src comp="94" pin="3"/><net_sink comp="94" pin=1"/></net>

<net id="109"><net_src comp="101" pin="3"/><net_sink comp="94" pin=0"/></net>

<net id="115"><net_src comp="2" pin="0"/><net_sink comp="110" pin=0"/></net>

<net id="116"><net_src comp="46" pin="0"/><net_sink comp="110" pin=1"/></net>

<net id="122"><net_src comp="110" pin="3"/><net_sink comp="117" pin=0"/></net>

<net id="128"><net_src comp="6" pin="0"/><net_sink comp="123" pin=0"/></net>

<net id="129"><net_src comp="46" pin="0"/><net_sink comp="123" pin=1"/></net>

<net id="130"><net_src comp="123" pin="3"/><net_sink comp="94" pin=0"/></net>

<net id="134"><net_src comp="16" pin="0"/><net_sink comp="131" pin=0"/></net>

<net id="141"><net_src comp="131" pin="1"/><net_sink comp="135" pin=0"/></net>

<net id="142"><net_src comp="135" pin="4"/><net_sink comp="131" pin=0"/></net>

<net id="146"><net_src comp="52" pin="0"/><net_sink comp="143" pin=0"/></net>

<net id="147"><net_src comp="143" pin="1"/><net_sink comp="80" pin=2"/></net>

<net id="154"><net_src comp="143" pin="1"/><net_sink comp="148" pin=2"/></net>

<net id="155"><net_src comp="148" pin="4"/><net_sink comp="143" pin=0"/></net>

<net id="159"><net_src comp="54" pin="0"/><net_sink comp="156" pin=0"/></net>

<net id="166"><net_src comp="156" pin="1"/><net_sink comp="160" pin=2"/></net>

<net id="171"><net_src comp="135" pin="4"/><net_sink comp="167" pin=0"/></net>

<net id="172"><net_src comp="44" pin="0"/><net_sink comp="167" pin=1"/></net>

<net id="173"><net_src comp="131" pin="1"/><net_sink comp="167" pin=0"/></net>

<net id="179"><net_src comp="18" pin="0"/><net_sink comp="174" pin=0"/></net>

<net id="180"><net_src comp="135" pin="4"/><net_sink comp="174" pin=1"/></net>

<net id="181"><net_src comp="20" pin="0"/><net_sink comp="174" pin=2"/></net>

<net id="186"><net_src comp="135" pin="4"/><net_sink comp="182" pin=0"/></net>

<net id="187"><net_src comp="42" pin="0"/><net_sink comp="182" pin=1"/></net>

<net id="191"><net_src comp="167" pin="2"/><net_sink comp="188" pin=0"/></net>

<net id="192"><net_src comp="188" pin="1"/><net_sink comp="87" pin=2"/></net>

<net id="196"><net_src comp="131" pin="1"/><net_sink comp="193" pin=0"/></net>

<net id="197"><net_src comp="193" pin="1"/><net_sink comp="101" pin=2"/></net>

<net id="202"><net_src comp="160" pin="4"/><net_sink comp="198" pin=0"/></net>

<net id="203"><net_src comp="56" pin="0"/><net_sink comp="198" pin=1"/></net>

<net id="208"><net_src comp="160" pin="4"/><net_sink comp="204" pin=0"/></net>

<net id="209"><net_src comp="58" pin="0"/><net_sink comp="204" pin=1"/></net>

<net id="213"><net_src comp="160" pin="4"/><net_sink comp="210" pin=0"/></net>

<net id="214"><net_src comp="210" pin="1"/><net_sink comp="110" pin=2"/></net>

<net id="215"><net_src comp="210" pin="1"/><net_sink comp="123" pin=2"/></net>

<net id="221"><net_src comp="60" pin="0"/><net_sink comp="216" pin=0"/></net>

<net id="222"><net_src comp="143" pin="1"/><net_sink comp="216" pin=1"/></net>

<net id="223"><net_src comp="62" pin="0"/><net_sink comp="216" pin=2"/></net>

<net id="236"><net_src comp="66" pin="0"/><net_sink comp="230" pin=0"/></net>

<net id="237"><net_src comp="68" pin="0"/><net_sink comp="230" pin=2"/></net>

<net id="238"><net_src comp="70" pin="0"/><net_sink comp="230" pin=3"/></net>

<net id="244"><net_src comp="227" pin="1"/><net_sink comp="239" pin=0"/></net>

<net id="245"><net_src comp="224" pin="1"/><net_sink comp="239" pin=1"/></net>

<net id="246"><net_src comp="239" pin="3"/><net_sink comp="230" pin=1"/></net>

<net id="250"><net_src comp="74" pin="2"/><net_sink comp="247" pin=0"/></net>

<net id="251"><net_src comp="247" pin="1"/><net_sink comp="94" pin=1"/></net>

<net id="255"><net_src comp="174" pin="3"/><net_sink comp="252" pin=0"/></net>

<net id="259"><net_src comp="182" pin="2"/><net_sink comp="256" pin=0"/></net>

<net id="263"><net_src comp="87" pin="3"/><net_sink comp="260" pin=0"/></net>

<net id="264"><net_src comp="260" pin="1"/><net_sink comp="94" pin=0"/></net>

<net id="268"><net_src comp="167" pin="2"/><net_sink comp="265" pin=0"/></net>

<net id="269"><net_src comp="265" pin="1"/><net_sink comp="135" pin=2"/></net>

<net id="273"><net_src comp="198" pin="2"/><net_sink comp="270" pin=0"/></net>

<net id="277"><net_src comp="204" pin="2"/><net_sink comp="274" pin=0"/></net>

<net id="278"><net_src comp="274" pin="1"/><net_sink comp="160" pin=0"/></net>

<net id="282"><net_src comp="110" pin="3"/><net_sink comp="279" pin=0"/></net>

<net id="283"><net_src comp="279" pin="1"/><net_sink comp="117" pin=0"/></net>

<net id="287"><net_src comp="123" pin="3"/><net_sink comp="284" pin=0"/></net>

<net id="288"><net_src comp="284" pin="1"/><net_sink comp="94" pin=0"/></net>

<net id="292"><net_src comp="117" pin="3"/><net_sink comp="289" pin=0"/></net>

<net id="293"><net_src comp="289" pin="1"/><net_sink comp="224" pin=0"/></net>

<net id="297"><net_src comp="94" pin="3"/><net_sink comp="294" pin=0"/></net>

<net id="298"><net_src comp="294" pin="1"/><net_sink comp="227" pin=0"/></net>

<net id="302"><net_src comp="216" pin="3"/><net_sink comp="299" pin=0"/></net>

<net id="303"><net_src comp="299" pin="1"/><net_sink comp="239" pin=1"/></net>

<net id="307"><net_src comp="230" pin="4"/><net_sink comp="304" pin=0"/></net>

<net id="308"><net_src comp="304" pin="1"/><net_sink comp="148" pin=0"/></net>

</net_list>

</model> 
---------------- Datapath Model END ------------------

* FSMD analyzer results:
  - Output states:
	Port: y_V | {8 }
	Port: regs_V | {2 3 }
 - Input state : 
	Port: fir_fixed : x_V | {1 }
	Port: fir_fixed : h_V | {5 6 }
	Port: fir_fixed : regs_V | {2 3 5 6 }
  - Chain level:
	State 1
	State 2
		tmp_2 : 1
		br_ln8 : 2
		icmp_ln9 : 1
		br_ln9 : 2
		add_ln12 : 1
		zext_ln12_1 : 2
		regs_V_addr : 3
		regs_V_load : 4
	State 3
		regs_V_addr_1 : 1
		store_ln12 : 2
	State 4
	State 5
		icmp_ln14 : 1
		i_1 : 1
		br_ln14 : 2
		zext_ln15 : 1
		h_V_addr : 2
		h_V_load : 3
		regs_V_addr_2 : 2
		regs_V_load_1 : 3
	State 6
	State 7
		r_V_2 : 1
		ret_V : 2
		temp_V : 3
		empty_6 : 1
	State 8


============================================================
+ Verbose Summary: Datapath Resource usage 
============================================================

* Functional unit list:
|----------|------------------------|---------|---------|---------|
| Operation|     Functional Unit    |  DSP48E |    FF   |   LUT   |
|----------|------------------------|---------|---------|---------|
|    add   |       grp_fu_167       |    0    |    0    |    15   |
|          |       i_1_fu_204       |    0    |    0    |    15   |
|----------|------------------------|---------|---------|---------|
|   icmp   |     icmp_ln9_fu_182    |    0    |    0    |    11   |
|          |    icmp_ln14_fu_198    |    0    |    0    |    11   |
|----------|------------------------|---------|---------|---------|
|  muladd  |       grp_fu_239       |    1    |    0    |    0    |
|----------|------------------------|---------|---------|---------|
|   read   |   x_V_read_read_fu_74  |    0    |    0    |    0    |
|----------|------------------------|---------|---------|---------|
|   write  | write_ln17_write_fu_80 |    0    |    0    |    0    |
|----------|------------------------|---------|---------|---------|
| bitselect|      tmp_2_fu_174      |    0    |    0    |    0    |
|----------|------------------------|---------|---------|---------|
|          |   zext_ln12_1_fu_188   |    0    |    0    |    0    |
|   zext   |    zext_ln12_fu_193    |    0    |    0    |    0    |
|          |    zext_ln15_fu_210    |    0    |    0    |    0    |
|----------|------------------------|---------|---------|---------|
|bitconcatenate|      lhs_V_fu_216      |    0    |    0    |    0    |
|----------|------------------------|---------|---------|---------|
|   sext   |       r_V_fu_224       |    0    |    0    |    0    |
|          |   sext_ln1118_fu_227   |    0    |    0    |    0    |
|----------|------------------------|---------|---------|---------|
|partselect|      temp_V_fu_230     |    0    |    0    |    0    |
|----------|------------------------|---------|---------|---------|
|   Total  |                        |    1    |    0    |    52   |
|----------|------------------------|---------|---------|---------|

Memories:
+------+--------+--------+--------+--------+
|      |  BRAM  |   FF   |   LUT  |  URAM  |
+------+--------+--------+--------+--------+
|regs_V|    1   |    0   |    0   |    0   |
+------+--------+--------+--------+--------+
| Total|    1   |    0   |    0   |    0   |
+------+--------+--------+--------+--------+

* Register list:
+---------------------+--------+
|                     |   FF   |
+---------------------+--------+
|   h_V_addr_reg_279  |    7   |
|   h_V_load_reg_289  |   16   |
|     i1_0_reg_156    |    7   |
|     i_0_reg_131     |    8   |
|     i_1_reg_274     |    7   |
|      i_reg_265      |    8   |
|  icmp_ln14_reg_270  |    1   |
|   icmp_ln9_reg_256  |    1   |
|    lhs_V_reg_299    |   32   |
|   p_Val2_s_reg_143  |   17   |
|regs_V_addr_2_reg_284|    7   |
| regs_V_addr_reg_260 |    7   |
|regs_V_load_1_reg_294|   16   |
|    temp_V_reg_304   |   17   |
|    tmp_2_reg_252    |    1   |
|   x_V_read_reg_247  |   16   |
+---------------------+--------+
|        Total        |   168  |
+---------------------+--------+

* Multiplexer (MUX) list: 
|-------------------|------|------|------|--------||---------||---------|
|        Comp       |  Pin | Size |  BW  | S x BW ||  Delay  ||   LUT   |
|-------------------|------|------|------|--------||---------||---------|
|  grp_access_fu_94 |  p0  |   6  |   7  |   42   ||    33   |
|  grp_access_fu_94 |  p1  |   2  |  16  |   32   ||    9    |
| grp_access_fu_117 |  p0  |   2  |   7  |   14   ||    9    |
|    i_0_reg_131    |  p0  |   2  |   8  |   16   ||    9    |
|  p_Val2_s_reg_143 |  p0  |   2  |  17  |   34   ||    9    |
|     grp_fu_167    |  p0  |   2  |   8  |   16   ||    9    |
|     grp_fu_239    |  p1  |   2  |  16  |   32   ||    9    |
|-------------------|------|------|------|--------||---------||---------|
|       Total       |      |      |      |   186  ||  12.566 ||    87   |
|-------------------|------|------|------|--------||---------||---------|



* Summary:
+-----------+--------+--------+--------+--------+--------+--------+
|           |  BRAM  | DSP48E |  Delay |   FF   |   LUT  |  URAM  |
+-----------+--------+--------+--------+--------+--------+--------+
|  Function |    -   |    1   |    -   |    0   |   52   |    -   |
|   Memory  |    1   |    -   |    -   |    0   |    0   |    0   |
|Multiplexer|    -   |    -   |   12   |    -   |   87   |    -   |
|  Register |    -   |    -   |    -   |   168  |    -   |    -   |
+-----------+--------+--------+--------+--------+--------+--------+
|   Total   |    1   |    1   |   12   |   168  |   139  |    0   |
+-----------+--------+--------+--------+--------+--------+--------+
